<?xml version="1.0" encoding="UTF-8" ?>
<testsuite tests="2" failures="0" name="com.ylc.test.TestRateCenter" time="0.008" errors="0" skipped="2">
  <properties>
[...]
</properties>
  <testcase classname="com.ylc.test.TestRateCenter" name="inserRateCenter" time="0.004">
    <skipped message="Only one time insert"/>
    <system-out>22:05:34.887 [main] DEBUG o.s.t.c.s.DirtiesContextTestExecutionListener - After test class: context [DefaultTestContext@7a9273a8 testClass = TestPrepaidPricing, testInstance = [null], testMethod = [null], testException = [null], mergedContextConfiguration = [MergedContextConfiguration@26a7b76d testClass = TestPrepaidPricing, locations = &apos;{file:src/main/webapp/WEB-INF/spring-service.xml, file:src/main/webapp/WEB-INF/spring-database.xml}&apos;, classes = &apos;{}&apos;, contextInitializerClasses = &apos;[]&apos;, activeProfiles = &apos;{}&apos;, contextLoader = &apos;org.springframework.test.context.support.DelegatingSmartContextLoader&apos;, parent = [null]]], dirtiesContext [false].
22:05:34.890 [main] DEBUG o.s.t.c.j.SpringJUnit4ClassRunner - SpringJUnit4ClassRunner constructor called with [class com.ylc.test.TestRateCenter].
22:05:34.890 [main] DEBUG o.s.t.c.s.AbstractDelegatingSmartContextLoader - Delegating to GenericXmlContextLoader to process context configuration [ContextConfigurationAttributes@7ce6a65d declaringClass = &apos;com.ylc.test.BaseTest&apos;, locations = &apos;{file:src/main/webapp/WEB-INF/spring-service.xml, file:src/main/webapp/WEB-INF/spring-database.xml}&apos;, classes = &apos;{}&apos;, inheritLocations = true, initializers = &apos;{}&apos;, inheritInitializers = true, name = [null], contextLoaderClass = &apos;org.springframework.test.context.ContextLoader&apos;].
22:05:34.891 [main] DEBUG o.s.test.context.ContextLoaderUtils - Could not find an &apos;annotation declaring class&apos; for annotation type [org.springframework.test.context.ActiveProfiles] and class [com.ylc.test.TestRateCenter]
22:05:34.891 [main] DEBUG o.s.test.context.TestContextManager - @TestExecutionListeners is not present for class [com.ylc.test.TestRateCenter]: using defaults.
22:05:34.891 [main] DEBUG o.s.t.annotation.ProfileValueUtils - Retrieved @ProfileValueSourceConfiguration [null] for test class [com.ylc.test.TestRateCenter]
22:05:34.891 [main] DEBUG o.s.t.annotation.ProfileValueUtils - Retrieved ProfileValueSource type [class org.springframework.test.annotation.SystemProfileValueSource] for class [com.ylc.test.TestRateCenter]
22:05:34.892 [main] DEBUG o.s.t.annotation.ProfileValueUtils - Retrieved @ProfileValueSourceConfiguration [null] for test class [com.ylc.test.TestRateCenter]
22:05:34.892 [main] DEBUG o.s.t.annotation.ProfileValueUtils - Retrieved ProfileValueSource type [class org.springframework.test.annotation.SystemProfileValueSource] for class [com.ylc.test.TestRateCenter]
</system-out>
  </testcase>
  <testcase classname="com.ylc.test.TestRateCenter" name="testBase" time="0.004">
    <skipped message="Only one time insert"/>
  </testcase>
</testsuite>