<?xml version="1.0" encoding="UTF-8" ?>
<testsuite tests="4" failures="0" name="com.ylc.test.TestState" time="2.574" errors="2" skipped="2">
  <properties>
[...]
</properties>
  <testcase classname="com.ylc.test.TestState" name="insertState" time="0.008">
    <skipped message="Only one time insert"/>
    <system-out>22:05:34.898 [main] DEBUG o.s.t.c.s.DirtiesContextTestExecutionListener - After test class: context [DefaultTestContext@60285225 testClass = TestRole, testInstance = [null], testMethod = [null], testException = [null], mergedContextConfiguration = [MergedContextConfiguration@7113b13f testClass = TestRole, locations = &apos;{file:src/main/webapp/WEB-INF/spring-service.xml, file:src/main/webapp/WEB-INF/spring-database.xml}&apos;, classes = &apos;{}&apos;, contextInitializerClasses = &apos;[]&apos;, activeProfiles = &apos;{}&apos;, contextLoader = &apos;org.springframework.test.context.support.DelegatingSmartContextLoader&apos;, parent = [null]]], dirtiesContext [false].
22:05:34.901 [main] DEBUG o.s.t.c.j.SpringJUnit4ClassRunner - SpringJUnit4ClassRunner constructor called with [class com.ylc.test.TestState].
22:05:34.902 [main] DEBUG o.s.t.c.s.AbstractDelegatingSmartContextLoader - Delegating to GenericXmlContextLoader to process context configuration [ContextConfigurationAttributes@45820e51 declaringClass = &apos;com.ylc.test.BaseTest&apos;, locations = &apos;{file:src/main/webapp/WEB-INF/spring-service.xml, file:src/main/webapp/WEB-INF/spring-database.xml}&apos;, classes = &apos;{}&apos;, inheritLocations = true, initializers = &apos;{}&apos;, inheritInitializers = true, name = [null], contextLoaderClass = &apos;org.springframework.test.context.ContextLoader&apos;].
22:05:34.902 [main] DEBUG o.s.test.context.ContextLoaderUtils - Could not find an &apos;annotation declaring class&apos; for annotation type [org.springframework.test.context.ActiveProfiles] and class [com.ylc.test.TestState]
22:05:34.902 [main] DEBUG o.s.test.context.TestContextManager - @TestExecutionListeners is not present for class [com.ylc.test.TestState]: using defaults.
22:05:34.903 [main] DEBUG o.s.t.annotation.ProfileValueUtils - Retrieved @ProfileValueSourceConfiguration [null] for test class [com.ylc.test.TestState]
22:05:34.904 [main] DEBUG o.s.t.annotation.ProfileValueUtils - Retrieved ProfileValueSource type [class org.springframework.test.annotation.SystemProfileValueSource] for class [com.ylc.test.TestState]
22:05:34.905 [main] DEBUG o.s.t.annotation.ProfileValueUtils - Retrieved @ProfileValueSourceConfiguration [null] for test class [com.ylc.test.TestState]
22:05:34.906 [main] DEBUG o.s.t.annotation.ProfileValueUtils - Retrieved ProfileValueSource type [class org.springframework.test.annotation.SystemProfileValueSource] for class [com.ylc.test.TestState]
</system-out>
  </testcase>
  <testcase classname="com.ylc.test.TestState" name="printStateById" time="2.552">
    <error message="Could not open Hibernate Session for transaction; nested exception is org.hibernate.exception.GenericJDBCException: Could not open connection" type="org.springframework.transaction.CannotCreateTransactionException">org.springframework.transaction.CannotCreateTransactionException: Could not open Hibernate Session for transaction; nested exception is org.hibernate.exception.GenericJDBCException: Could not open connection
	at org.springframework.orm.hibernate4.HibernateTransactionManager.doBegin(HibernateTransactionManager.java:515)
	at org.springframework.transaction.support.AbstractPlatformTransactionManager.getTransaction(AbstractPlatformTransactionManager.java:373)
	at org.springframework.transaction.interceptor.TransactionAspectSupport.createTransactionIfNecessary(TransactionAspectSupport.java:420)
	at org.springframework.transaction.interceptor.TransactionAspectSupport.invokeWithinTransaction(TransactionAspectSupport.java:257)
	at org.springframework.transaction.interceptor.TransactionInterceptor.invoke(TransactionInterceptor.java:95)
	at org.springframework.aop.framework.ReflectiveMethodInvocation.proceed(ReflectiveMethodInvocation.java:179)
	at org.springframework.aop.interceptor.ExposeInvocationInterceptor.invoke(ExposeInvocationInterceptor.java:92)
	at org.springframework.aop.framework.ReflectiveMethodInvocation.proceed(ReflectiveMethodInvocation.java:179)
	at org.springframework.aop.framework.CglibAopProxy$DynamicAdvisedInterceptor.intercept(CglibAopProxy.java:644)
	at com.ylc.service.StateService$$EnhancerBySpringCGLIB$$b4d9d1bc.getStateById(&lt;generated&gt;)
	at com.ylc.test.TestState.printStateById(TestState.java:40)
	at sun.reflect.NativeMethodAccessorImpl.invoke0(Native Method)
	at sun.reflect.NativeMethodAccessorImpl.invoke(NativeMethodAccessorImpl.java:62)
	at sun.reflect.DelegatingMethodAccessorImpl.invoke(DelegatingMethodAccessorImpl.java:43)
	at java.lang.reflect.Method.invoke(Method.java:498)
	at org.junit.runners.model.FrameworkMethod$1.runReflectiveCall(FrameworkMethod.java:44)
	at org.junit.internal.runners.model.ReflectiveCallable.run(ReflectiveCallable.java:15)
	at org.junit.runners.model.FrameworkMethod.invokeExplosively(FrameworkMethod.java:41)
	at org.junit.internal.runners.statements.InvokeMethod.evaluate(InvokeMethod.java:20)
	at org.springframework.test.context.junit4.statements.RunBeforeTestMethodCallbacks.evaluate(RunBeforeTestMethodCallbacks.java:74)
	at org.springframework.test.context.junit4.statements.RunAfterTestMethodCallbacks.evaluate(RunAfterTestMethodCallbacks.java:83)
	at org.springframework.test.context.junit4.statements.SpringRepeat.evaluate(SpringRepeat.java:72)
	at org.springframework.test.context.junit4.SpringJUnit4ClassRunner.runChild(SpringJUnit4ClassRunner.java:233)
	at org.springframework.test.context.junit4.SpringJUnit4ClassRunner.runChild(SpringJUnit4ClassRunner.java:87)
	at org.junit.runners.ParentRunner$3.run(ParentRunner.java:193)
	at org.junit.runners.ParentRunner$1.schedule(ParentRunner.java:52)
	at org.junit.runners.ParentRunner.runChildren(ParentRunner.java:191)
	at org.junit.runners.ParentRunner.access$000(ParentRunner.java:42)
	at org.junit.runners.ParentRunner$2.evaluate(ParentRunner.java:184)
	at org.springframework.test.context.junit4.statements.RunBeforeTestClassCallbacks.evaluate(RunBeforeTestClassCallbacks.java:61)
	at org.springframework.test.context.junit4.statements.RunAfterTestClassCallbacks.evaluate(RunAfterTestClassCallbacks.java:71)
	at org.junit.runners.ParentRunner.run(ParentRunner.java:236)
	at org.springframework.test.context.junit4.SpringJUnit4ClassRunner.run(SpringJUnit4ClassRunner.java:176)
	at org.apache.maven.surefire.junit4.JUnit4Provider.execute(JUnit4Provider.java:252)
	at org.apache.maven.surefire.junit4.JUnit4Provider.executeTestSet(JUnit4Provider.java:141)
	at org.apache.maven.surefire.junit4.JUnit4Provider.invoke(JUnit4Provider.java:112)
	at sun.reflect.NativeMethodAccessorImpl.invoke0(Native Method)
	at sun.reflect.NativeMethodAccessorImpl.invoke(NativeMethodAccessorImpl.java:62)
	at sun.reflect.DelegatingMethodAccessorImpl.invoke(DelegatingMethodAccessorImpl.java:43)
	at java.lang.reflect.Method.invoke(Method.java:498)
	at org.apache.maven.surefire.util.ReflectionUtils.invokeMethodWithArray(ReflectionUtils.java:189)
	at org.apache.maven.surefire.booter.ProviderFactory$ProviderProxy.invoke(ProviderFactory.java:165)
	at org.apache.maven.surefire.booter.ProviderFactory.invokeProvider(ProviderFactory.java:85)
	at org.apache.maven.surefire.booter.ForkedBooter.runSuitesInProcess(ForkedBooter.java:115)
	at org.apache.maven.surefire.booter.ForkedBooter.main(ForkedBooter.java:75)
Caused by: org.hibernate.exception.GenericJDBCException: Could not open connection
	at org.hibernate.exception.internal.StandardSQLExceptionConverter.convert(StandardSQLExceptionConverter.java:54)
	at org.hibernate.engine.jdbc.spi.SqlExceptionHelper.convert(SqlExceptionHelper.java:124)
	at org.hibernate.engine.jdbc.spi.SqlExceptionHelper.convert(SqlExceptionHelper.java:109)
	at org.hibernate.engine.jdbc.internal.LogicalConnectionImpl.obtainConnection(LogicalConnectionImpl.java:221)
	at org.hibernate.engine.jdbc.internal.LogicalConnectionImpl.getConnection(LogicalConnectionImpl.java:157)
	at org.hibernate.internal.SessionImpl.connection(SessionImpl.java:427)
	at org.springframework.orm.hibernate4.HibernateTransactionManager.doBegin(HibernateTransactionManager.java:429)
	... 44 more
Caused by: org.apache.commons.dbcp.SQLNestedException: Cannot create PoolableConnectionFactory (Unknown database &apos;ylc_9&apos;)
	at org.apache.commons.dbcp.BasicDataSource.createPoolableConnectionFactory(BasicDataSource.java:1549)
	at org.apache.commons.dbcp.BasicDataSource.createDataSource(BasicDataSource.java:1388)
	at org.apache.commons.dbcp.BasicDataSource.getConnection(BasicDataSource.java:1044)
	at org.hibernate.service.jdbc.connections.internal.DatasourceConnectionProviderImpl.getConnection(DatasourceConnectionProviderImpl.java:141)
	at org.hibernate.internal.AbstractSessionImpl$NonContextualJdbcConnectionAccess.obtainConnection(AbstractSessionImpl.java:301)
	at org.hibernate.engine.jdbc.internal.LogicalConnectionImpl.obtainConnection(LogicalConnectionImpl.java:214)
	... 47 more
Caused by: com.mysql.jdbc.exceptions.jdbc4.MySQLSyntaxErrorException: Unknown database &apos;ylc_9&apos;
	at sun.reflect.NativeConstructorAccessorImpl.newInstance0(Native Method)
	at sun.reflect.NativeConstructorAccessorImpl.newInstance(NativeConstructorAccessorImpl.java:62)
	at sun.reflect.DelegatingConstructorAccessorImpl.newInstance(DelegatingConstructorAccessorImpl.java:45)
	at java.lang.reflect.Constructor.newInstance(Constructor.java:423)
	at com.mysql.jdbc.Util.handleNewInstance(Util.java:406)
	at com.mysql.jdbc.Util.getInstance(Util.java:381)
	at com.mysql.jdbc.SQLError.createSQLException(SQLError.java:1030)
	at com.mysql.jdbc.SQLError.createSQLException(SQLError.java:956)
	at com.mysql.jdbc.MysqlIO.checkErrorPacket(MysqlIO.java:3491)
	at com.mysql.jdbc.MysqlIO.checkErrorPacket(MysqlIO.java:3423)
	at com.mysql.jdbc.MysqlIO.checkErrorPacket(MysqlIO.java:910)
	at com.mysql.jdbc.MysqlIO.secureAuth411(MysqlIO.java:3923)
	at com.mysql.jdbc.MysqlIO.doHandshake(MysqlIO.java:1273)
	at com.mysql.jdbc.ConnectionImpl.createNewIO(ConnectionImpl.java:2031)
	at com.mysql.jdbc.ConnectionImpl.&lt;init&gt;(ConnectionImpl.java:718)
	at com.mysql.jdbc.JDBC4Connection.&lt;init&gt;(JDBC4Connection.java:46)
	at sun.reflect.NativeConstructorAccessorImpl.newInstance0(Native Method)
	at sun.reflect.NativeConstructorAccessorImpl.newInstance(NativeConstructorAccessorImpl.java:62)
	at sun.reflect.DelegatingConstructorAccessorImpl.newInstance(DelegatingConstructorAccessorImpl.java:45)
	at java.lang.reflect.Constructor.newInstance(Constructor.java:423)
	at com.mysql.jdbc.Util.handleNewInstance(Util.java:406)
	at com.mysql.jdbc.ConnectionImpl.getInstance(ConnectionImpl.java:302)
	at com.mysql.jdbc.NonRegisteringDriver.connect(NonRegisteringDriver.java:282)
	at org.apache.commons.dbcp.DriverConnectionFactory.createConnection(DriverConnectionFactory.java:38)
	at org.apache.commons.dbcp.PoolableConnectionFactory.makeObject(PoolableConnectionFactory.java:582)
	at org.apache.commons.dbcp.BasicDataSource.validateConnectionFactory(BasicDataSource.java:1556)
	at org.apache.commons.dbcp.BasicDataSource.createPoolableConnectionFactory(BasicDataSource.java:1545)
	... 52 more
</error>
    <system-out>22:05:34.907 [main] DEBUG o.s.t.annotation.ProfileValueUtils - Retrieved @ProfileValueSourceConfiguration [null] for test class [com.ylc.test.TestState]
22:05:34.907 [main] DEBUG o.s.t.annotation.ProfileValueUtils - Retrieved ProfileValueSource type [class org.springframework.test.annotation.SystemProfileValueSource] for class [com.ylc.test.TestState]
22:05:34.909 [main] DEBUG o.s.t.c.s.DependencyInjectionTestExecutionListener - Performing dependency injection for test context [[DefaultTestContext@25af5db5 testClass = TestState, testInstance = com.ylc.test.TestState@12cdcf4, testMethod = [null], testException = [null], mergedContextConfiguration = [MergedContextConfiguration@5bcea91b testClass = TestState, locations = &apos;{file:src/main/webapp/WEB-INF/spring-service.xml, file:src/main/webapp/WEB-INF/spring-database.xml}&apos;, classes = &apos;{}&apos;, contextInitializerClasses = &apos;[]&apos;, activeProfiles = &apos;{}&apos;, contextLoader = &apos;org.springframework.test.context.support.DelegatingSmartContextLoader&apos;, parent = [null]]]].
22:05:34.909 [main] DEBUG o.s.t.c.s.AbstractDelegatingSmartContextLoader - Delegating to GenericXmlContextLoader to load context from [MergedContextConfiguration@5bcea91b testClass = TestState, locations = &apos;{file:src/main/webapp/WEB-INF/spring-service.xml, file:src/main/webapp/WEB-INF/spring-database.xml}&apos;, classes = &apos;{}&apos;, contextInitializerClasses = &apos;[]&apos;, activeProfiles = &apos;{}&apos;, contextLoader = &apos;org.springframework.test.context.support.DelegatingSmartContextLoader&apos;, parent = [null]].
22:05:34.910 [main] DEBUG o.s.t.c.s.AbstractGenericContextLoader - Loading ApplicationContext for merged context configuration [[MergedContextConfiguration@5bcea91b testClass = TestState, locations = &apos;{file:src/main/webapp/WEB-INF/spring-service.xml, file:src/main/webapp/WEB-INF/spring-database.xml}&apos;, classes = &apos;{}&apos;, contextInitializerClasses = &apos;[]&apos;, activeProfiles = &apos;{}&apos;, contextLoader = &apos;org.springframework.test.context.support.DelegatingSmartContextLoader&apos;, parent = [null]]].
22:05:34.978 [main] DEBUG o.s.core.env.StandardEnvironment - Adding [systemProperties] PropertySource with lowest search precedence
22:05:34.980 [main] DEBUG o.s.core.env.StandardEnvironment - Adding [systemEnvironment] PropertySource with lowest search precedence
22:05:34.980 [main] DEBUG o.s.core.env.StandardEnvironment - Initialized StandardEnvironment with PropertySources [systemProperties,systemEnvironment]
22:05:34.987 [main] INFO  o.s.b.f.xml.XmlBeanDefinitionReader - Loading XML bean definitions from URL [file:src/main/webapp/WEB-INF/spring-service.xml]
22:05:35.006 [main] DEBUG o.s.b.f.xml.DefaultDocumentLoader - Using JAXP provider [com.sun.org.apache.xerces.internal.jaxp.DocumentBuilderFactoryImpl]
22:05:35.033 [main] DEBUG o.s.b.f.xml.PluggableSchemaResolver - Loading schema mappings from [META-INF/spring.schemas]
22:05:35.037 [main] DEBUG o.s.b.f.xml.PluggableSchemaResolver - Loaded schema mappings: {http://www.springframework.org/schema/tx/spring-tx-2.5.xsd=org/springframework/transaction/config/spring-tx-2.5.xsd, http://www.springframework.org/schema/context/spring-context-3.1.xsd=org/springframework/context/config/spring-context-3.1.xsd, http://www.springframework.org/schema/util/spring-util-3.0.xsd=org/springframework/beans/factory/xml/spring-util-3.0.xsd, http://www.springframework.org/schema/security/spring-security-3.0.3.xsd=org/springframework/security/config/spring-security-3.0.3.xsd, http://www.springframework.org/schema/security/spring-security-2.0.1.xsd=org/springframework/security/config/spring-security-2.0.1.xsd, http://www.springframework.org/schema/tool/spring-tool.xsd=org/springframework/beans/factory/xml/spring-tool-4.0.xsd, http://www.springframework.org/schema/aop/spring-aop-3.2.xsd=org/springframework/aop/config/spring-aop-3.2.xsd, http://www.springframework.org/schema/context/spring-context-4.0.xsd=org/springframework/context/config/spring-context-4.0.xsd, http://www.springframework.org/schema/mvc/spring-mvc-3.2.xsd=org/springframework/web/servlet/config/spring-mvc-3.2.xsd, http://www.springframework.org/schema/lang/spring-lang-3.2.xsd=org/springframework/scripting/config/spring-lang-3.2.xsd, http://www.springframework.org/schema/cache/spring-cache-3.2.xsd=org/springframework/cache/config/spring-cache-3.2.xsd, http://www.springframework.org/schema/jdbc/spring-jdbc-3.1.xsd=org/springframework/jdbc/config/spring-jdbc-3.1.xsd, http://www.springframework.org/schema/util/spring-util-2.0.xsd=org/springframework/beans/factory/xml/spring-util-2.0.xsd, http://www.springframework.org/schema/tool/spring-tool-3.2.xsd=org/springframework/beans/factory/xml/spring-tool-3.2.xsd, http://www.springframework.org/schema/context/spring-context.xsd=org/springframework/context/config/spring-context-4.0.xsd, http://www.springframework.org/schema/aop/spring-aop-4.0.xsd=org/springframework/aop/config/spring-aop-4.0.xsd, http://www.springframework.org/schema/security/spring-security-2.0.xsd=org/springframework/security/config/spring-security-2.0.xsd, http://www.springframework.org/schema/jee/spring-jee-3.2.xsd=org/springframework/ejb/config/spring-jee-3.2.xsd, http://www.springframework.org/schema/context/spring-context-3.0.xsd=org/springframework/context/config/spring-context-3.0.xsd, http://www.springframework.org/schema/jdbc/spring-jdbc-4.0.xsd=org/springframework/jdbc/config/spring-jdbc-4.0.xsd, http://www.springframework.org/schema/util/spring-util-2.5.xsd=org/springframework/beans/factory/xml/spring-util-2.5.xsd, http://www.springframework.org/schema/mvc/spring-mvc-4.0.xsd=org/springframework/web/servlet/config/spring-mvc-4.0.xsd, http://www.springframework.org/schema/beans/spring-beans-3.2.xsd=org/springframework/beans/factory/xml/spring-beans-3.2.xsd, http://www.springframework.org/schema/aop/spring-aop-3.1.xsd=org/springframework/aop/config/spring-aop-3.1.xsd, http://www.springframework.org/schema/lang/spring-lang-4.0.xsd=org/springframework/scripting/config/spring-lang-4.0.xsd, http://www.springframework.org/schema/mvc/spring-mvc.xsd=org/springframework/web/servlet/config/spring-mvc-4.0.xsd, http://www.springframework.org/schema/mvc/spring-mvc-3.1.xsd=org/springframework/web/servlet/config/spring-mvc-3.1.xsd, http://www.springframework.org/schema/tool/spring-tool-4.0.xsd=org/springframework/beans/factory/xml/spring-tool-4.0.xsd, http://www.springframework.org/schema/tx/spring-tx-3.2.xsd=org/springframework/transaction/config/spring-tx-3.2.xsd, http://www.springframework.org/schema/lang/spring-lang-3.1.xsd=org/springframework/scripting/config/spring-lang-3.1.xsd, http://www.springframework.org/schema/cache/spring-cache-3.1.xsd=org/springframework/cache/config/spring-cache-3.1.xsd, http://www.springframework.org/schema/jee/spring-jee-4.0.xsd=org/springframework/ejb/config/spring-jee-4.0.xsd, http://www.springframework.org/schema/jdbc/spring-jdbc-3.0.xsd=org/springframework/jdbc/config/spring-jdbc-3.0.xsd, http://www.springframework.org/schema/jdbc/spring-jdbc.xsd=org/springframework/jdbc/config/spring-jdbc-4.0.xsd, http://www.springframework.org/schema/tool/spring-tool-3.1.xsd=org/springframework/beans/factory/xml/spring-tool-3.1.xsd, http://www.springframework.org/schema/cache/spring-cache-4.0.xsd=org/springframework/cache/config/spring-cache-4.0.xsd, http://www.springframework.org/schema/jee/spring-jee-3.1.xsd=org/springframework/ejb/config/spring-jee-3.1.xsd, http://www.springframework.org/schema/task/spring-task-3.2.xsd=org/springframework/scheduling/config/spring-task-3.2.xsd, http://www.springframework.org/schema/beans/spring-beans-3.1.xsd=org/springframework/beans/factory/xml/spring-beans-3.1.xsd, http://www.springframework.org/schema/util/spring-util.xsd=org/springframework/beans/factory/xml/spring-util-4.0.xsd, http://www.springframework.org/schema/aop/spring-aop-3.0.xsd=org/springframework/aop/config/spring-aop-3.0.xsd, http://www.springframework.org/schema/mvc/spring-mvc-3.0.xsd=org/springframework/web/servlet/config/spring-mvc-3.0.xsd, http://www.springframework.org/schema/beans/spring-beans-4.0.xsd=org/springframework/beans/factory/xml/spring-beans-4.0.xsd, http://www.springframework.org/schema/beans/spring-beans.xsd=org/springframework/beans/factory/xml/spring-beans-4.0.xsd, http://www.springframework.org/schema/security/spring-security-2.0.4.xsd=org/springframework/security/config/spring-security-2.0.4.xsd, http://www.springframework.org/schema/lang/spring-lang-3.0.xsd=org/springframework/scripting/config/spring-lang-3.0.xsd, http://www.springframework.org/schema/tx/spring-tx-3.1.xsd=org/springframework/transaction/config/spring-tx-3.1.xsd, http://www.springframework.org/schema/context/spring-context-2.5.xsd=org/springframework/context/config/spring-context-2.5.xsd, http://www.springframework.org/schema/task/spring-task-4.0.xsd=org/springframework/scheduling/config/spring-task-4.0.xsd, http://www.springframework.org/schema/tool/spring-tool-3.0.xsd=org/springframework/beans/factory/xml/spring-tool-3.0.xsd, http://www.springframework.org/schema/tx/spring-tx-4.0.xsd=org/springframework/transaction/config/spring-tx-4.0.xsd, http://www.springframework.org/schema/aop/spring-aop-2.0.xsd=org/springframework/aop/config/spring-aop-2.0.xsd, http://www.springframework.org/schema/security/spring-security-3.2.xsd=org/springframework/security/config/spring-security-3.2.xsd, http://www.springframework.org/schema/jee/spring-jee-3.0.xsd=org/springframework/ejb/config/spring-jee-3.0.xsd, http://www.springframework.org/schema/task/spring-task-3.1.xsd=org/springframework/scheduling/config/spring-task-3.1.xsd, http://www.springframework.org/schema/beans/spring-beans-3.0.xsd=org/springframework/beans/factory/xml/spring-beans-3.0.xsd, http://www.springframework.org/schema/jee/spring-jee.xsd=org/springframework/ejb/config/spring-jee-4.0.xsd, http://www.springframework.org/schema/aop/spring-aop-2.5.xsd=org/springframework/aop/config/spring-aop-2.5.xsd, http://www.springframework.org/schema/lang/spring-lang-2.0.xsd=org/springframework/scripting/config/spring-lang-2.0.xsd, http://www.springframework.org/schema/util/spring-util-3.2.xsd=org/springframework/beans/factory/xml/spring-util-3.2.xsd, http://www.springframework.org/schema/task/spring-task.xsd=org/springframework/scheduling/config/spring-task-4.0.xsd, http://www.springframework.org/schema/tool/spring-tool-2.0.xsd=org/springframework/beans/factory/xml/spring-tool-2.0.xsd, http://www.springframework.org/schema/tx/spring-tx-3.0.xsd=org/springframework/transaction/config/spring-tx-3.0.xsd, http://www.springframework.org/schema/lang/spring-lang-2.5.xsd=org/springframework/scripting/config/spring-lang-2.5.xsd, http://www.springframework.org/schema/jee/spring-jee-2.0.xsd=org/springframework/ejb/config/spring-jee-2.0.xsd, http://www.springframework.org/schema/tool/spring-tool-2.5.xsd=org/springframework/beans/factory/xml/spring-tool-2.5.xsd, http://www.springframework.org/schema/security/spring-security-3.1.xsd=org/springframework/security/config/spring-security-3.1.xsd, http://www.springframework.org/schema/jee/spring-jee-2.5.xsd=org/springframework/ejb/config/spring-jee-2.5.xsd, http://www.springframework.org/schema/util/spring-util-4.0.xsd=org/springframework/beans/factory/xml/spring-util-4.0.xsd, http://www.springframework.org/schema/task/spring-task-3.0.xsd=org/springframework/scheduling/config/spring-task-3.0.xsd, http://www.springframework.org/schema/lang/spring-lang.xsd=org/springframework/scripting/config/spring-lang-4.0.xsd, http://www.springframework.org/schema/context/spring-context-3.2.xsd=org/springframework/context/config/spring-context-3.2.xsd, http://www.springframework.org/schema/util/spring-util-3.1.xsd=org/springframework/beans/factory/xml/spring-util-3.1.xsd, http://www.springframework.org/schema/beans/spring-beans-2.0.xsd=org/springframework/beans/factory/xml/spring-beans-2.0.xsd, http://www.springframework.org/schema/cache/spring-cache.xsd=org/springframework/cache/config/spring-cache-4.0.xsd, http://www.springframework.org/schema/tx/spring-tx.xsd=org/springframework/transaction/config/spring-tx-4.0.xsd, http://www.springframework.org/schema/security/spring-security-2.0.2.xsd=org/springframework/security/config/spring-security-2.0.2.xsd, http://www.springframework.org/schema/beans/spring-beans-2.5.xsd=org/springframework/beans/factory/xml/spring-beans-2.5.xsd, http://www.springframework.org/schema/security/spring-security.xsd=org/springframework/security/config/spring-security-3.2.xsd, http://www.springframework.org/schema/tx/spring-tx-2.0.xsd=org/springframework/transaction/config/spring-tx-2.0.xsd, http://www.springframework.org/schema/security/spring-security-3.0.xsd=org/springframework/security/config/spring-security-3.0.xsd, http://www.springframework.org/schema/jdbc/spring-jdbc-3.2.xsd=org/springframework/jdbc/config/spring-jdbc-3.2.xsd, http://www.springframework.org/schema/aop/spring-aop.xsd=org/springframework/aop/config/spring-aop-4.0.xsd}
22:05:35.038 [main] DEBUG o.s.b.f.xml.PluggableSchemaResolver - Found XML schema [http://www.springframework.org/schema/beans/spring-beans.xsd] in classpath: org/springframework/beans/factory/xml/spring-beans-4.0.xsd
22:05:35.124 [main] DEBUG o.s.b.f.xml.PluggableSchemaResolver - Found XML schema [http://www.springframework.org/schema/context/spring-context-3.2.xsd] in classpath: org/springframework/context/config/spring-context-3.2.xsd
22:05:35.130 [main] DEBUG o.s.b.f.xml.PluggableSchemaResolver - Found XML schema [http://www.springframework.org/schema/tool/spring-tool-3.2.xsd] in classpath: org/springframework/beans/factory/xml/spring-tool-3.2.xsd
22:05:35.138 [main] DEBUG o.s.b.f.x.DefaultBeanDefinitionDocumentReader - Loading bean definitions
22:05:35.146 [main] DEBUG o.s.b.f.x.DefaultNamespaceHandlerResolver - Loaded NamespaceHandler mappings: {http://www.springframework.org/schema/p=org.springframework.beans.factory.xml.SimplePropertyNamespaceHandler, http://www.springframework.org/schema/mvc=org.springframework.web.servlet.config.MvcNamespaceHandler, http://www.springframework.org/schema/util=org.springframework.beans.factory.xml.UtilNamespaceHandler, http://www.springframework.org/schema/jee=org.springframework.ejb.config.JeeNamespaceHandler, http://www.springframework.org/schema/aop=org.springframework.aop.config.AopNamespaceHandler, http://www.springframework.org/schema/jdbc=org.springframework.jdbc.config.JdbcNamespaceHandler, http://www.springframework.org/schema/cache=org.springframework.cache.config.CacheNamespaceHandler, http://www.springframework.org/schema/c=org.springframework.beans.factory.xml.SimpleConstructorNamespaceHandler, http://www.springframework.org/schema/security=org.springframework.security.config.SecurityNamespaceHandler, http://www.springframework.org/schema/tx=org.springframework.transaction.config.TxNamespaceHandler, http://www.springframework.org/schema/task=org.springframework.scheduling.config.TaskNamespaceHandler, http://www.springframework.org/schema/lang=org.springframework.scripting.config.LangNamespaceHandler, http://www.springframework.org/schema/context=org.springframework.context.config.ContextNamespaceHandler}
22:05:35.158 [main] DEBUG o.s.c.i.s.PathMatchingResourcePatternResolver - Looking for matching resources in directory tree [/Users/mohanreddysandula/Downloads/shares/Raghu/BeanIntellan/ylc/target/classes/com/ylc/service]
22:05:35.161 [main] DEBUG o.s.c.i.s.PathMatchingResourcePatternResolver - Searching directory [/Users/mohanreddysandula/Downloads/shares/Raghu/BeanIntellan/ylc/target/classes/com/ylc/service] for files matching pattern [/Users/mohanreddysandula/Downloads/shares/Raghu/BeanIntellan/ylc/target/classes/com/ylc/service/**/*.class]
22:05:35.168 [main] DEBUG o.s.c.i.s.PathMatchingResourcePatternResolver - Resolved location pattern [classpath*:com/ylc/service/**/*.class] to resources [file [/Users/mohanreddysandula/Downloads/shares/Raghu/BeanIntellan/ylc/target/classes/com/ylc/service/BillingService.class], file [/Users/mohanreddysandula/Downloads/shares/Raghu/BeanIntellan/ylc/target/classes/com/ylc/service/CallLogService.class], file [/Users/mohanreddysandula/Downloads/shares/Raghu/BeanIntellan/ylc/target/classes/com/ylc/service/CitronUserDetailsService.class], file [/Users/mohanreddysandula/Downloads/shares/Raghu/BeanIntellan/ylc/target/classes/com/ylc/service/CountryService.class], file [/Users/mohanreddysandula/Downloads/shares/Raghu/BeanIntellan/ylc/target/classes/com/ylc/service/CustermerService.class], file [/Users/mohanreddysandula/Downloads/shares/Raghu/BeanIntellan/ylc/target/classes/com/ylc/service/CustomerLinePaymentDetailService.class], file [/Users/mohanreddysandula/Downloads/shares/Raghu/BeanIntellan/ylc/target/classes/com/ylc/service/CustomerLineService.class], file [/Users/mohanreddysandula/Downloads/shares/Raghu/BeanIntellan/ylc/target/classes/com/ylc/service/CustomerPaymentDetailService.class], file [/Users/mohanreddysandula/Downloads/shares/Raghu/BeanIntellan/ylc/target/classes/com/ylc/service/FacilityNumberPoolService.class], file [/Users/mohanreddysandula/Downloads/shares/Raghu/BeanIntellan/ylc/target/classes/com/ylc/service/FacilityService.class], file [/Users/mohanreddysandula/Downloads/shares/Raghu/BeanIntellan/ylc/target/classes/com/ylc/service/InmateNoteService.class], file [/Users/mohanreddysandula/Downloads/shares/Raghu/BeanIntellan/ylc/target/classes/com/ylc/service/InmateReferralService.class], file [/Users/mohanreddysandula/Downloads/shares/Raghu/BeanIntellan/ylc/target/classes/com/ylc/service/InMateService.class], file [/Users/mohanreddysandula/Downloads/shares/Raghu/BeanIntellan/ylc/target/classes/com/ylc/service/InmateStatusService.class], file [/Users/mohanreddysandula/Downloads/shares/Raghu/BeanIntellan/ylc/target/classes/com/ylc/service/LineTypeService.class], file [/Users/mohanreddysandula/Downloads/shares/Raghu/BeanIntellan/ylc/target/classes/com/ylc/service/PaymentCardTypeService.class], file [/Users/mohanreddysandula/Downloads/shares/Raghu/BeanIntellan/ylc/target/classes/com/ylc/service/PrepaidPricingService.class], file [/Users/mohanreddysandula/Downloads/shares/Raghu/BeanIntellan/ylc/target/classes/com/ylc/service/RateCenterService.class], file [/Users/mohanreddysandula/Downloads/shares/Raghu/BeanIntellan/ylc/target/classes/com/ylc/service/StateService.class], file [/Users/mohanreddysandula/Downloads/shares/Raghu/BeanIntellan/ylc/target/classes/com/ylc/service/UserService.class]]
22:05:35.198 [main] DEBUG o.s.c.a.ClassPathBeanDefinitionScanner - Identified candidate component class: file [/Users/mohanreddysandula/Downloads/shares/Raghu/BeanIntellan/ylc/target/classes/com/ylc/service/BillingService.class]
22:05:35.198 [main] DEBUG o.s.c.a.ClassPathBeanDefinitionScanner - Identified candidate component class: file [/Users/mohanreddysandula/Downloads/shares/Raghu/BeanIntellan/ylc/target/classes/com/ylc/service/CallLogService.class]
22:05:35.201 [main] DEBUG o.s.c.a.ClassPathBeanDefinitionScanner - Identified candidate component class: file [/Users/mohanreddysandula/Downloads/shares/Raghu/BeanIntellan/ylc/target/classes/com/ylc/service/CitronUserDetailsService.class]
22:05:35.202 [main] DEBUG o.s.c.a.ClassPathBeanDefinitionScanner - Identified candidate component class: file [/Users/mohanreddysandula/Downloads/shares/Raghu/BeanIntellan/ylc/target/classes/com/ylc/service/CountryService.class]
22:05:35.203 [main] DEBUG o.s.c.a.ClassPathBeanDefinitionScanner - Identified candidate component class: file [/Users/mohanreddysandula/Downloads/shares/Raghu/BeanIntellan/ylc/target/classes/com/ylc/service/CustermerService.class]
22:05:35.203 [main] DEBUG o.s.c.a.ClassPathBeanDefinitionScanner - Identified candidate component class: file [/Users/mohanreddysandula/Downloads/shares/Raghu/BeanIntellan/ylc/target/classes/com/ylc/service/CustomerLinePaymentDetailService.class]
22:05:35.204 [main] DEBUG o.s.c.a.ClassPathBeanDefinitionScanner - Identified candidate component class: file [/Users/mohanreddysandula/Downloads/shares/Raghu/BeanIntellan/ylc/target/classes/com/ylc/service/CustomerLineService.class]
22:05:35.205 [main] DEBUG o.s.c.a.ClassPathBeanDefinitionScanner - Identified candidate component class: file [/Users/mohanreddysandula/Downloads/shares/Raghu/BeanIntellan/ylc/target/classes/com/ylc/service/CustomerPaymentDetailService.class]
22:05:35.205 [main] DEBUG o.s.c.a.ClassPathBeanDefinitionScanner - Identified candidate component class: file [/Users/mohanreddysandula/Downloads/shares/Raghu/BeanIntellan/ylc/target/classes/com/ylc/service/FacilityNumberPoolService.class]
22:05:35.206 [main] DEBUG o.s.c.a.ClassPathBeanDefinitionScanner - Identified candidate component class: file [/Users/mohanreddysandula/Downloads/shares/Raghu/BeanIntellan/ylc/target/classes/com/ylc/service/FacilityService.class]
22:05:35.206 [main] DEBUG o.s.c.a.ClassPathBeanDefinitionScanner - Identified candidate component class: file [/Users/mohanreddysandula/Downloads/shares/Raghu/BeanIntellan/ylc/target/classes/com/ylc/service/InmateNoteService.class]
22:05:35.206 [main] DEBUG o.s.c.a.ClassPathBeanDefinitionScanner - Identified candidate component class: file [/Users/mohanreddysandula/Downloads/shares/Raghu/BeanIntellan/ylc/target/classes/com/ylc/service/InmateReferralService.class]
22:05:35.208 [main] DEBUG o.s.c.a.ClassPathBeanDefinitionScanner - Identified candidate component class: file [/Users/mohanreddysandula/Downloads/shares/Raghu/BeanIntellan/ylc/target/classes/com/ylc/service/InMateService.class]
22:05:35.208 [main] DEBUG o.s.c.a.ClassPathBeanDefinitionScanner - Identified candidate component class: file [/Users/mohanreddysandula/Downloads/shares/Raghu/BeanIntellan/ylc/target/classes/com/ylc/service/InmateStatusService.class]
22:05:35.208 [main] DEBUG o.s.c.a.ClassPathBeanDefinitionScanner - Identified candidate component class: file [/Users/mohanreddysandula/Downloads/shares/Raghu/BeanIntellan/ylc/target/classes/com/ylc/service/LineTypeService.class]
22:05:35.209 [main] DEBUG o.s.c.a.ClassPathBeanDefinitionScanner - Identified candidate component class: file [/Users/mohanreddysandula/Downloads/shares/Raghu/BeanIntellan/ylc/target/classes/com/ylc/service/PaymentCardTypeService.class]
22:05:35.209 [main] DEBUG o.s.c.a.ClassPathBeanDefinitionScanner - Identified candidate component class: file [/Users/mohanreddysandula/Downloads/shares/Raghu/BeanIntellan/ylc/target/classes/com/ylc/service/PrepaidPricingService.class]
22:05:35.210 [main] DEBUG o.s.c.a.ClassPathBeanDefinitionScanner - Identified candidate component class: file [/Users/mohanreddysandula/Downloads/shares/Raghu/BeanIntellan/ylc/target/classes/com/ylc/service/RateCenterService.class]
22:05:35.210 [main] DEBUG o.s.c.a.ClassPathBeanDefinitionScanner - Identified candidate component class: file [/Users/mohanreddysandula/Downloads/shares/Raghu/BeanIntellan/ylc/target/classes/com/ylc/service/StateService.class]
22:05:35.210 [main] DEBUG o.s.c.a.ClassPathBeanDefinitionScanner - Identified candidate component class: file [/Users/mohanreddysandula/Downloads/shares/Raghu/BeanIntellan/ylc/target/classes/com/ylc/service/UserService.class]
22:05:35.229 [main] DEBUG o.s.c.i.s.PathMatchingResourcePatternResolver - Looking for matching resources in directory tree [/Users/mohanreddysandula/Downloads/shares/Raghu/BeanIntellan/ylc/target/classes/com/ylc/dao]
22:05:35.229 [main] DEBUG o.s.c.i.s.PathMatchingResourcePatternResolver - Searching directory [/Users/mohanreddysandula/Downloads/shares/Raghu/BeanIntellan/ylc/target/classes/com/ylc/dao] for files matching pattern [/Users/mohanreddysandula/Downloads/shares/Raghu/BeanIntellan/ylc/target/classes/com/ylc/dao/**/*.class]
22:05:35.231 [main] DEBUG o.s.c.i.s.PathMatchingResourcePatternResolver - Resolved location pattern [classpath*:com/ylc/dao/**/*.class] to resources [file [/Users/mohanreddysandula/Downloads/shares/Raghu/BeanIntellan/ylc/target/classes/com/ylc/dao/BillingAddressDao.class], file [/Users/mohanreddysandula/Downloads/shares/Raghu/BeanIntellan/ylc/target/classes/com/ylc/dao/CallLogDao.class], file [/Users/mohanreddysandula/Downloads/shares/Raghu/BeanIntellan/ylc/target/classes/com/ylc/dao/CountryDao.class], file [/Users/mohanreddysandula/Downloads/shares/Raghu/BeanIntellan/ylc/target/classes/com/ylc/dao/CustomerDao.class], file [/Users/mohanreddysandula/Downloads/shares/Raghu/BeanIntellan/ylc/target/classes/com/ylc/dao/CustomerLineDao.class], file [/Users/mohanreddysandula/Downloads/shares/Raghu/BeanIntellan/ylc/target/classes/com/ylc/dao/CustomerLinePaymentDetailDao.class], file [/Users/mohanreddysandula/Downloads/shares/Raghu/BeanIntellan/ylc/target/classes/com/ylc/dao/CustomerPaymentDetailDao.class], file [/Users/mohanreddysandula/Downloads/shares/Raghu/BeanIntellan/ylc/target/classes/com/ylc/dao/FacilityDao.class], file [/Users/mohanreddysandula/Downloads/shares/Raghu/BeanIntellan/ylc/target/classes/com/ylc/dao/FacilityNumberPoolDao.class], file [/Users/mohanreddysandula/Downloads/shares/Raghu/BeanIntellan/ylc/target/classes/com/ylc/dao/InMateDao.class], file [/Users/mohanreddysandula/Downloads/shares/Raghu/BeanIntellan/ylc/target/classes/com/ylc/dao/InmateNoteDao.class], file [/Users/mohanreddysandula/Downloads/shares/Raghu/BeanIntellan/ylc/target/classes/com/ylc/dao/InmateReferralDao.class], file [/Users/mohanreddysandula/Downloads/shares/Raghu/BeanIntellan/ylc/target/classes/com/ylc/dao/InmateStatusDao.class], file [/Users/mohanreddysandula/Downloads/shares/Raghu/BeanIntellan/ylc/target/classes/com/ylc/dao/LineTypeDao.class], file [/Users/mohanreddysandula/Downloads/shares/Raghu/BeanIntellan/ylc/target/classes/com/ylc/dao/PaymentCardTypeDao.class], file [/Users/mohanreddysandula/Downloads/shares/Raghu/BeanIntellan/ylc/target/classes/com/ylc/dao/PrepaidPricingDao.class], file [/Users/mohanreddysandula/Downloads/shares/Raghu/BeanIntellan/ylc/target/classes/com/ylc/dao/RateCenterDao.class], file [/Users/mohanreddysandula/Downloads/shares/Raghu/BeanIntellan/ylc/target/classes/com/ylc/dao/StateDao.class], file [/Users/mohanreddysandula/Downloads/shares/Raghu/BeanIntellan/ylc/target/classes/com/ylc/dao/UserDao.class]]
22:05:35.234 [main] DEBUG o.s.c.a.ClassPathBeanDefinitionScanner - Identified candidate component class: file [/Users/mohanreddysandula/Downloads/shares/Raghu/BeanIntellan/ylc/target/classes/com/ylc/dao/BillingAddressDao.class]
22:05:35.236 [main] DEBUG o.s.c.a.ClassPathBeanDefinitionScanner - Identified candidate component class: file [/Users/mohanreddysandula/Downloads/shares/Raghu/BeanIntellan/ylc/target/classes/com/ylc/dao/CallLogDao.class]
22:05:35.237 [main] DEBUG o.s.c.a.ClassPathBeanDefinitionScanner - Identified candidate component class: file [/Users/mohanreddysandula/Downloads/shares/Raghu/BeanIntellan/ylc/target/classes/com/ylc/dao/CountryDao.class]
22:05:35.239 [main] DEBUG o.s.c.a.ClassPathBeanDefinitionScanner - Identified candidate component class: file [/Users/mohanreddysandula/Downloads/shares/Raghu/BeanIntellan/ylc/target/classes/com/ylc/dao/CustomerDao.class]
22:05:35.239 [main] DEBUG o.s.c.a.ClassPathBeanDefinitionScanner - Identified candidate component class: file [/Users/mohanreddysandula/Downloads/shares/Raghu/BeanIntellan/ylc/target/classes/com/ylc/dao/CustomerLineDao.class]
22:05:35.240 [main] DEBUG o.s.c.a.ClassPathBeanDefinitionScanner - Identified candidate component class: file [/Users/mohanreddysandula/Downloads/shares/Raghu/BeanIntellan/ylc/target/classes/com/ylc/dao/CustomerLinePaymentDetailDao.class]
22:05:35.241 [main] DEBUG o.s.c.a.ClassPathBeanDefinitionScanner - Identified candidate component class: file [/Users/mohanreddysandula/Downloads/shares/Raghu/BeanIntellan/ylc/target/classes/com/ylc/dao/CustomerPaymentDetailDao.class]
22:05:35.246 [main] DEBUG o.s.c.a.ClassPathBeanDefinitionScanner - Identified candidate component class: file [/Users/mohanreddysandula/Downloads/shares/Raghu/BeanIntellan/ylc/target/classes/com/ylc/dao/FacilityDao.class]
22:05:35.248 [main] DEBUG o.s.c.a.ClassPathBeanDefinitionScanner - Identified candidate component class: file [/Users/mohanreddysandula/Downloads/shares/Raghu/BeanIntellan/ylc/target/classes/com/ylc/dao/FacilityNumberPoolDao.class]
22:05:35.249 [main] DEBUG o.s.c.a.ClassPathBeanDefinitionScanner - Identified candidate component class: file [/Users/mohanreddysandula/Downloads/shares/Raghu/BeanIntellan/ylc/target/classes/com/ylc/dao/InMateDao.class]
22:05:35.249 [main] DEBUG o.s.c.a.ClassPathBeanDefinitionScanner - Identified candidate component class: file [/Users/mohanreddysandula/Downloads/shares/Raghu/BeanIntellan/ylc/target/classes/com/ylc/dao/InmateNoteDao.class]
22:05:35.250 [main] DEBUG o.s.c.a.ClassPathBeanDefinitionScanner - Identified candidate component class: file [/Users/mohanreddysandula/Downloads/shares/Raghu/BeanIntellan/ylc/target/classes/com/ylc/dao/InmateReferralDao.class]
22:05:35.251 [main] DEBUG o.s.c.a.ClassPathBeanDefinitionScanner - Identified candidate component class: file [/Users/mohanreddysandula/Downloads/shares/Raghu/BeanIntellan/ylc/target/classes/com/ylc/dao/InmateStatusDao.class]
22:05:35.252 [main] DEBUG o.s.c.a.ClassPathBeanDefinitionScanner - Identified candidate component class: file [/Users/mohanreddysandula/Downloads/shares/Raghu/BeanIntellan/ylc/target/classes/com/ylc/dao/LineTypeDao.class]
22:05:35.252 [main] DEBUG o.s.c.a.ClassPathBeanDefinitionScanner - Identified candidate component class: file [/Users/mohanreddysandula/Downloads/shares/Raghu/BeanIntellan/ylc/target/classes/com/ylc/dao/PaymentCardTypeDao.class]
22:05:35.253 [main] DEBUG o.s.c.a.ClassPathBeanDefinitionScanner - Identified candidate component class: file [/Users/mohanreddysandula/Downloads/shares/Raghu/BeanIntellan/ylc/target/classes/com/ylc/dao/PrepaidPricingDao.class]
22:05:35.254 [main] DEBUG o.s.c.a.ClassPathBeanDefinitionScanner - Identified candidate component class: file [/Users/mohanreddysandula/Downloads/shares/Raghu/BeanIntellan/ylc/target/classes/com/ylc/dao/RateCenterDao.class]
22:05:35.254 [main] DEBUG o.s.c.a.ClassPathBeanDefinitionScanner - Identified candidate component class: file [/Users/mohanreddysandula/Downloads/shares/Raghu/BeanIntellan/ylc/target/classes/com/ylc/dao/StateDao.class]
22:05:35.255 [main] DEBUG o.s.c.a.ClassPathBeanDefinitionScanner - Identified candidate component class: file [/Users/mohanreddysandula/Downloads/shares/Raghu/BeanIntellan/ylc/target/classes/com/ylc/dao/UserDao.class]
22:05:35.258 [main] DEBUG o.s.c.i.s.PathMatchingResourcePatternResolver - Looking for matching resources in directory tree [/Users/mohanreddysandula/Downloads/shares/Raghu/BeanIntellan/ylc/target/classes/com/ylc/peer/service]
22:05:35.258 [main] DEBUG o.s.c.i.s.PathMatchingResourcePatternResolver - Searching directory [/Users/mohanreddysandula/Downloads/shares/Raghu/BeanIntellan/ylc/target/classes/com/ylc/peer/service] for files matching pattern [/Users/mohanreddysandula/Downloads/shares/Raghu/BeanIntellan/ylc/target/classes/com/ylc/peer/service/**/*.class]
22:05:35.258 [main] DEBUG o.s.c.i.s.PathMatchingResourcePatternResolver - Resolved location pattern [classpath*:com/ylc/peer/service/**/*.class] to resources [file [/Users/mohanreddysandula/Downloads/shares/Raghu/BeanIntellan/ylc/target/classes/com/ylc/peer/service/NumberPeeringService.class]]
22:05:35.259 [main] DEBUG o.s.c.a.ClassPathBeanDefinitionScanner - Identified candidate component class: file [/Users/mohanreddysandula/Downloads/shares/Raghu/BeanIntellan/ylc/target/classes/com/ylc/peer/service/NumberPeeringService.class]
22:05:35.260 [main] DEBUG o.s.c.i.s.PathMatchingResourcePatternResolver - Looking for matching resources in directory tree [/Users/mohanreddysandula/Downloads/shares/Raghu/BeanIntellan/ylc/target/classes/com/ylc/authorize/service]
22:05:35.260 [main] DEBUG o.s.c.i.s.PathMatchingResourcePatternResolver - Searching directory [/Users/mohanreddysandula/Downloads/shares/Raghu/BeanIntellan/ylc/target/classes/com/ylc/authorize/service] for files matching pattern [/Users/mohanreddysandula/Downloads/shares/Raghu/BeanIntellan/ylc/target/classes/com/ylc/authorize/service/**/*.class]
22:05:35.260 [main] DEBUG o.s.c.i.s.PathMatchingResourcePatternResolver - Resolved location pattern [classpath*:com/ylc/authorize/service/**/*.class] to resources [file [/Users/mohanreddysandula/Downloads/shares/Raghu/BeanIntellan/ylc/target/classes/com/ylc/authorize/service/AuthorizeNetService.class]]
22:05:35.261 [main] DEBUG o.s.c.a.ClassPathBeanDefinitionScanner - Identified candidate component class: file [/Users/mohanreddysandula/Downloads/shares/Raghu/BeanIntellan/ylc/target/classes/com/ylc/authorize/service/AuthorizeNetService.class]
22:05:35.263 [main] DEBUG o.s.c.i.s.PathMatchingResourcePatternResolver - Looking for matching resources in directory tree [/Users/mohanreddysandula/Downloads/shares/Raghu/BeanIntellan/ylc/target/test-classes/com/ylc/test]
22:05:35.263 [main] DEBUG o.s.c.i.s.PathMatchingResourcePatternResolver - Searching directory [/Users/mohanreddysandula/Downloads/shares/Raghu/BeanIntellan/ylc/target/test-classes/com/ylc/test] for files matching pattern [/Users/mohanreddysandula/Downloads/shares/Raghu/BeanIntellan/ylc/target/test-classes/com/ylc/test/**/*.class]
22:05:35.264 [main] DEBUG o.s.c.i.s.PathMatchingResourcePatternResolver - Looking for matching resources in directory tree [/Users/mohanreddysandula/Downloads/shares/Raghu/BeanIntellan/ylc/target/classes/com/ylc/test]
22:05:35.264 [main] DEBUG o.s.c.i.s.PathMatchingResourcePatternResolver - Searching directory [/Users/mohanreddysandula/Downloads/shares/Raghu/BeanIntellan/ylc/target/classes/com/ylc/test] for files matching pattern [/Users/mohanreddysandula/Downloads/shares/Raghu/BeanIntellan/ylc/target/classes/com/ylc/test/**/*.class]
22:05:35.264 [main] DEBUG o.s.c.i.s.PathMatchingResourcePatternResolver - Searching directory [/Users/mohanreddysandula/Downloads/shares/Raghu/BeanIntellan/ylc/target/classes/com/ylc/test/beans] for files matching pattern [/Users/mohanreddysandula/Downloads/shares/Raghu/BeanIntellan/ylc/target/classes/com/ylc/test/**/*.class]
22:05:35.264 [main] DEBUG o.s.c.i.s.PathMatchingResourcePatternResolver - Searching directory [/Users/mohanreddysandula/Downloads/shares/Raghu/BeanIntellan/ylc/target/classes/com/ylc/test/service] for files matching pattern [/Users/mohanreddysandula/Downloads/shares/Raghu/BeanIntellan/ylc/target/classes/com/ylc/test/**/*.class]
22:05:35.265 [main] DEBUG o.s.c.i.s.PathMatchingResourcePatternResolver - Resolved location pattern [classpath*:com/ylc/test/**/*.class] to resources [file [/Users/mohanreddysandula/Downloads/shares/Raghu/BeanIntellan/ylc/target/test-classes/com/ylc/test/BaseTest.class], file [/Users/mohanreddysandula/Downloads/shares/Raghu/BeanIntellan/ylc/target/test-classes/com/ylc/test/TestBillingService.class], file [/Users/mohanreddysandula/Downloads/shares/Raghu/BeanIntellan/ylc/target/test-classes/com/ylc/test/TestCallLog.class], file [/Users/mohanreddysandula/Downloads/shares/Raghu/BeanIntellan/ylc/target/test-classes/com/ylc/test/TestCountry.class], file [/Users/mohanreddysandula/Downloads/shares/Raghu/BeanIntellan/ylc/target/test-classes/com/ylc/test/TestCustomer.class], file [/Users/mohanreddysandula/Downloads/shares/Raghu/BeanIntellan/ylc/target/test-classes/com/ylc/test/TestCustomerLine.class], file [/Users/mohanreddysandula/Downloads/shares/Raghu/BeanIntellan/ylc/target/test-classes/com/ylc/test/TestCustomerLinePaymentDetail.class], file [/Users/mohanreddysandula/Downloads/shares/Raghu/BeanIntellan/ylc/target/test-classes/com/ylc/test/TestDB.class], file [/Users/mohanreddysandula/Downloads/shares/Raghu/BeanIntellan/ylc/target/test-classes/com/ylc/test/TestFacilityLocation.class], file [/Users/mohanreddysandula/Downloads/shares/Raghu/BeanIntellan/ylc/target/test-classes/com/ylc/test/TestFacilityNumberPool.class], file [/Users/mohanreddysandula/Downloads/shares/Raghu/BeanIntellan/ylc/target/test-classes/com/ylc/test/TestInMate.class], file [/Users/mohanreddysandula/Downloads/shares/Raghu/BeanIntellan/ylc/target/test-classes/com/ylc/test/TestInmateNote.class], file [/Users/mohanreddysandula/Downloads/shares/Raghu/BeanIntellan/ylc/target/test-classes/com/ylc/test/TestInmateReferral.class], file [/Users/mohanreddysandula/Downloads/shares/Raghu/BeanIntellan/ylc/target/test-classes/com/ylc/test/TestInmateStatus.class], file [/Users/mohanreddysandula/Downloads/shares/Raghu/BeanIntellan/ylc/target/test-classes/com/ylc/test/TestLineType.class], file [/Users/mohanreddysandula/Downloads/shares/Raghu/BeanIntellan/ylc/target/test-classes/com/ylc/test/TestPaymentCardType.class], file [/Users/mohanreddysandula/Downloads/shares/Raghu/BeanIntellan/ylc/target/test-classes/com/ylc/test/TestPrepaidPricing.class], file [/Users/mohanreddysandula/Downloads/shares/Raghu/BeanIntellan/ylc/target/test-classes/com/ylc/test/TestRateCenter.class], file [/Users/mohanreddysandula/Downloads/shares/Raghu/BeanIntellan/ylc/target/test-classes/com/ylc/test/TestRole.class], file [/Users/mohanreddysandula/Downloads/shares/Raghu/BeanIntellan/ylc/target/test-classes/com/ylc/test/TestState.class], file [/Users/mohanreddysandula/Downloads/shares/Raghu/BeanIntellan/ylc/target/test-classes/com/ylc/test/TestSuite.class], file [/Users/mohanreddysandula/Downloads/shares/Raghu/BeanIntellan/ylc/target/test-classes/com/ylc/test/TestUser.class], file [/Users/mohanreddysandula/Downloads/shares/Raghu/BeanIntellan/ylc/target/classes/com/ylc/test/beans/RailwayStation.class], file [/Users/mohanreddysandula/Downloads/shares/Raghu/BeanIntellan/ylc/target/classes/com/ylc/test/beans/Train.class], file [/Users/mohanreddysandula/Downloads/shares/Raghu/BeanIntellan/ylc/target/classes/com/ylc/test/service/CarService.class], file [/Users/mohanreddysandula/Downloads/shares/Raghu/BeanIntellan/ylc/target/classes/com/ylc/test/service/CarServiceImpl.class], file [/Users/mohanreddysandula/Downloads/shares/Raghu/BeanIntellan/ylc/target/classes/com/ylc/test/service/RailwayStationService.class], file [/Users/mohanreddysandula/Downloads/shares/Raghu/BeanIntellan/ylc/target/classes/com/ylc/test/service/RailwayStationServiceImpl.class], file [/Users/mohanreddysandula/Downloads/shares/Raghu/BeanIntellan/ylc/target/classes/com/ylc/test/service/TrainService.class], file [/Users/mohanreddysandula/Downloads/shares/Raghu/BeanIntellan/ylc/target/classes/com/ylc/test/service/TrainServiceImpl.class], file [/Users/mohanreddysandula/Downloads/shares/Raghu/BeanIntellan/ylc/target/classes/com/ylc/test/TestDB1.class]]
22:05:35.277 [main] DEBUG o.s.c.a.ClassPathBeanDefinitionScanner - Identified candidate component class: file [/Users/mohanreddysandula/Downloads/shares/Raghu/BeanIntellan/ylc/target/classes/com/ylc/test/service/CarServiceImpl.class]
22:05:35.280 [main] DEBUG o.s.c.a.ClassPathBeanDefinitionScanner - Identified candidate component class: file [/Users/mohanreddysandula/Downloads/shares/Raghu/BeanIntellan/ylc/target/classes/com/ylc/test/service/RailwayStationServiceImpl.class]
22:05:35.281 [main] DEBUG o.s.c.a.ClassPathBeanDefinitionScanner - Identified candidate component class: file [/Users/mohanreddysandula/Downloads/shares/Raghu/BeanIntellan/ylc/target/classes/com/ylc/test/service/TrainServiceImpl.class]
22:05:35.284 [main] DEBUG o.s.c.i.s.PathMatchingResourcePatternResolver - Looking for matching resources in directory tree [/Users/mohanreddysandula/Downloads/shares/Raghu/BeanIntellan/ylc/target/classes/com/ylc/util]
22:05:35.284 [main] DEBUG o.s.c.i.s.PathMatchingResourcePatternResolver - Searching directory [/Users/mohanreddysandula/Downloads/shares/Raghu/BeanIntellan/ylc/target/classes/com/ylc/util] for files matching pattern [/Users/mohanreddysandula/Downloads/shares/Raghu/BeanIntellan/ylc/target/classes/com/ylc/util/**/*.class]
22:05:35.285 [main] DEBUG o.s.c.i.s.PathMatchingResourcePatternResolver - Resolved location pattern [classpath*:com/ylc/util/**/*.class] to resources [file [/Users/mohanreddysandula/Downloads/shares/Raghu/BeanIntellan/ylc/target/classes/com/ylc/util/ProcessPayment.class], file [/Users/mohanreddysandula/Downloads/shares/Raghu/BeanIntellan/ylc/target/classes/com/ylc/util/SendEmail$1.class], file [/Users/mohanreddysandula/Downloads/shares/Raghu/BeanIntellan/ylc/target/classes/com/ylc/util/SendEmail$2.class], file [/Users/mohanreddysandula/Downloads/shares/Raghu/BeanIntellan/ylc/target/classes/com/ylc/util/SendEmail.class], file [/Users/mohanreddysandula/Downloads/shares/Raghu/BeanIntellan/ylc/target/classes/com/ylc/util/ServiceInterceptor.class], file [/Users/mohanreddysandula/Downloads/shares/Raghu/BeanIntellan/ylc/target/classes/com/ylc/util/Test.class], file [/Users/mohanreddysandula/Downloads/shares/Raghu/BeanIntellan/ylc/target/classes/com/ylc/util/TestClass.class], file [/Users/mohanreddysandula/Downloads/shares/Raghu/BeanIntellan/ylc/target/classes/com/ylc/util/XmlUtils.class], file [/Users/mohanreddysandula/Downloads/shares/Raghu/BeanIntellan/ylc/target/classes/com/ylc/util/YlcConstents.class], file [/Users/mohanreddysandula/Downloads/shares/Raghu/BeanIntellan/ylc/target/classes/com/ylc/util/YlcEmailTemplet.class], file [/Users/mohanreddysandula/Downloads/shares/Raghu/BeanIntellan/ylc/target/classes/com/ylc/util/YlcUtils.class]]
22:05:35.286 [main] DEBUG o.s.c.a.ClassPathBeanDefinitionScanner - Identified candidate component class: file [/Users/mohanreddysandula/Downloads/shares/Raghu/BeanIntellan/ylc/target/classes/com/ylc/util/SendEmail.class]
22:05:35.295 [main] DEBUG o.s.b.f.xml.XmlBeanDefinitionReader - Loaded 51 bean definitions from location pattern [file:src/main/webapp/WEB-INF/spring-service.xml]
22:05:35.296 [main] INFO  o.s.b.f.xml.XmlBeanDefinitionReader - Loading XML bean definitions from URL [file:src/main/webapp/WEB-INF/spring-database.xml]
22:05:35.297 [main] DEBUG o.s.b.f.xml.DefaultDocumentLoader - Using JAXP provider [com.sun.org.apache.xerces.internal.jaxp.DocumentBuilderFactoryImpl]
22:05:35.301 [main] DEBUG o.s.b.f.xml.PluggableSchemaResolver - Found XML schema [http://www.springframework.org/schema/beans/spring-beans-3.0.xsd] in classpath: org/springframework/beans/factory/xml/spring-beans-3.0.xsd
22:05:35.324 [main] DEBUG o.s.b.f.xml.PluggableSchemaResolver - Found XML schema [http://www.springframework.org/schema/tx/spring-tx-3.0.xsd] in classpath: org/springframework/transaction/config/spring-tx-3.0.xsd
22:05:35.333 [main] DEBUG o.s.b.f.xml.PluggableSchemaResolver - Found XML schema [http://www.springframework.org/schema/tool/spring-tool-3.0.xsd] in classpath: org/springframework/beans/factory/xml/spring-tool-3.0.xsd
22:05:35.337 [main] DEBUG o.s.b.f.xml.PluggableSchemaResolver - Found XML schema [http://www.springframework.org/schema/aop/spring-aop-3.0.xsd] in classpath: org/springframework/aop/config/spring-aop-3.0.xsd
22:05:35.343 [main] DEBUG o.s.b.f.x.DefaultBeanDefinitionDocumentReader - Loading bean definitions
22:05:35.366 [main] DEBUG o.s.b.f.xml.XmlBeanDefinitionReader - Loaded 7 bean definitions from location pattern [file:src/main/webapp/WEB-INF/spring-database.xml]
22:05:35.368 [main] INFO  o.s.c.s.GenericApplicationContext - Refreshing org.springframework.context.support.GenericApplicationContext@7a30d1e6: startup date [Tue Oct 24 22:05:35 CDT 2017]; root of context hierarchy
22:05:35.369 [main] DEBUG o.s.c.s.GenericApplicationContext - Bean factory for org.springframework.context.support.GenericApplicationContext@7a30d1e6: org.springframework.beans.factory.support.DefaultListableBeanFactory@36902638: defining beans [billingService,callLogService,citronUserDetailsService,countryService,custermerService,customerLinePaymentDetailService,customerLineService,customerPaymentDetailService,facilityNumberPoolService,facilityService,inmateNoteService,inmateReferralService,inMateService,inmateStatusService,lineTypeService,paymentCardTypeService,prepaidPricingService,rateCenterService,stateService,userService,org.springframework.context.annotation.internalConfigurationAnnotationProcessor,org.springframework.context.annotation.internalAutowiredAnnotationProcessor,org.springframework.context.annotation.internalRequiredAnnotationProcessor,org.springframework.context.annotation.internalCommonAnnotationProcessor,org.springframework.context.annotation.internalPersistenceAnnotationProcessor,billingAddressDao,callLogDao,countryDao,customerDao,customerLineDao,customerLinePaymentDetailDao,customerPaymentDetailDao,facilityDao,facilityNumberPoolDao,inMateDao,inmateNoteDao,inmateReferralDao,inmateStatusDao,lineTypeDao,paymentCardTypeDao,prepaidPricingDao,rateCenterDao,stateDao,userDao,numberPeeringService,authorizeNetService,carService,RailwayStationService,trainService,sendEmail,org.springframework.context.support.PropertySourcesPlaceholderConfigurer#0,dataSource,sessionFactory,transactionManager,txAdvice,org.springframework.aop.config.internalAutoProxyCreator,userServicePointCut,org.springframework.aop.support.DefaultBeanFactoryPointcutAdvisor#0]; root of factory hierarchy
22:05:35.400 [main] DEBUG o.s.b.f.s.DefaultListableBeanFactory - Creating shared instance of singleton bean &apos;org.springframework.context.annotation.internalConfigurationAnnotationProcessor&apos;
22:05:35.400 [main] DEBUG o.s.b.f.s.DefaultListableBeanFactory - Creating instance of bean &apos;org.springframework.context.annotation.internalConfigurationAnnotationProcessor&apos;
22:05:35.414 [main] DEBUG o.s.b.f.s.DefaultListableBeanFactory - Eagerly caching bean &apos;org.springframework.context.annotation.internalConfigurationAnnotationProcessor&apos; to allow for resolving potential circular references
22:05:35.416 [main] DEBUG o.s.b.f.s.DefaultListableBeanFactory - Finished creating instance of bean &apos;org.springframework.context.annotation.internalConfigurationAnnotationProcessor&apos;
22:05:35.488 [main] DEBUG o.s.b.f.s.DefaultListableBeanFactory - Creating shared instance of singleton bean &apos;org.springframework.context.support.PropertySourcesPlaceholderConfigurer#0&apos;
22:05:35.488 [main] DEBUG o.s.b.f.s.DefaultListableBeanFactory - Creating instance of bean &apos;org.springframework.context.support.PropertySourcesPlaceholderConfigurer#0&apos;
22:05:35.489 [main] DEBUG o.s.b.f.s.DefaultListableBeanFactory - Eagerly caching bean &apos;org.springframework.context.support.PropertySourcesPlaceholderConfigurer#0&apos; to allow for resolving potential circular references
22:05:35.510 [main] DEBUG o.s.b.f.s.DefaultListableBeanFactory - Finished creating instance of bean &apos;org.springframework.context.support.PropertySourcesPlaceholderConfigurer#0&apos;
22:05:35.510 [main] DEBUG o.s.core.env.MutablePropertySources - Adding [environmentProperties] PropertySource with lowest search precedence
22:05:35.510 [main] INFO  o.s.c.s.PropertySourcesPlaceholderConfigurer - Loading properties file from class path resource [properties/ylc-dev.properties]
22:05:35.512 [main] DEBUG o.s.core.env.MutablePropertySources - Adding [localProperties] PropertySource with lowest search precedence
22:05:35.515 [main] DEBUG o.s.c.e.PropertySourcesPropertyResolver - Searching for key &apos;jdbc.driverClassName&apos; in [environmentProperties]
22:05:35.515 [main] DEBUG o.s.c.e.PropertySourcesPropertyResolver - Searching for key &apos;jdbc.driverClassName&apos; in [systemProperties]
22:05:35.515 [main] DEBUG o.s.c.e.PropertySourcesPropertyResolver - Searching for key &apos;jdbc.driverClassName&apos; in [systemEnvironment]
22:05:35.515 [main] DEBUG o.s.c.e.PropertySourcesPropertyResolver - Could not find key &apos;jdbc.driverClassName&apos; in any property source. Returning [null]
22:05:35.515 [main] DEBUG o.s.c.e.PropertySourcesPropertyResolver - Searching for key &apos;jdbc.driverClassName&apos; in [localProperties]
22:05:35.515 [main] DEBUG o.s.c.e.PropertySourcesPropertyResolver - Found key &apos;jdbc.driverClassName&apos; in [localProperties] with type [String] and value &apos;com.mysql.jdbc.Driver&apos;
22:05:35.519 [main] DEBUG o.s.b.f.s.DefaultListableBeanFactory - Creating shared instance of singleton bean &apos;org.springframework.context.annotation.internalAutowiredAnnotationProcessor&apos;
22:05:35.519 [main] DEBUG o.s.b.f.s.DefaultListableBeanFactory - Creating instance of bean &apos;org.springframework.context.annotation.internalAutowiredAnnotationProcessor&apos;
22:05:35.520 [main] DEBUG o.s.b.f.s.DefaultListableBeanFactory - Eagerly caching bean &apos;org.springframework.context.annotation.internalAutowiredAnnotationProcessor&apos; to allow for resolving potential circular references
22:05:35.520 [main] DEBUG o.s.b.f.s.DefaultListableBeanFactory - Finished creating instance of bean &apos;org.springframework.context.annotation.internalAutowiredAnnotationProcessor&apos;
22:05:35.520 [main] DEBUG o.s.b.f.s.DefaultListableBeanFactory - Creating shared instance of singleton bean &apos;org.springframework.context.annotation.internalRequiredAnnotationProcessor&apos;
22:05:35.520 [main] DEBUG o.s.b.f.s.DefaultListableBeanFactory - Creating instance of bean &apos;org.springframework.context.annotation.internalRequiredAnnotationProcessor&apos;
22:05:35.521 [main] DEBUG o.s.b.f.s.DefaultListableBeanFactory - Eagerly caching bean &apos;org.springframework.context.annotation.internalRequiredAnnotationProcessor&apos; to allow for resolving potential circular references
22:05:35.521 [main] DEBUG o.s.b.f.s.DefaultListableBeanFactory - Finished creating instance of bean &apos;org.springframework.context.annotation.internalRequiredAnnotationProcessor&apos;
22:05:35.521 [main] DEBUG o.s.b.f.s.DefaultListableBeanFactory - Creating shared instance of singleton bean &apos;org.springframework.context.annotation.internalCommonAnnotationProcessor&apos;
22:05:35.521 [main] DEBUG o.s.b.f.s.DefaultListableBeanFactory - Creating instance of bean &apos;org.springframework.context.annotation.internalCommonAnnotationProcessor&apos;
22:05:35.524 [main] DEBUG o.s.b.f.s.DefaultListableBeanFactory - Eagerly caching bean &apos;org.springframework.context.annotation.internalCommonAnnotationProcessor&apos; to allow for resolving potential circular references
22:05:35.524 [main] DEBUG o.s.b.f.s.DefaultListableBeanFactory - Finished creating instance of bean &apos;org.springframework.context.annotation.internalCommonAnnotationProcessor&apos;
22:05:35.524 [main] DEBUG o.s.b.f.s.DefaultListableBeanFactory - Creating shared instance of singleton bean &apos;org.springframework.context.annotation.internalPersistenceAnnotationProcessor&apos;
22:05:35.524 [main] DEBUG o.s.b.f.s.DefaultListableBeanFactory - Creating instance of bean &apos;org.springframework.context.annotation.internalPersistenceAnnotationProcessor&apos;
22:05:35.524 [main] DEBUG o.s.b.f.s.DefaultListableBeanFactory - Eagerly caching bean &apos;org.springframework.context.annotation.internalPersistenceAnnotationProcessor&apos; to allow for resolving potential circular references
22:05:35.525 [main] DEBUG o.s.b.f.s.DefaultListableBeanFactory - Finished creating instance of bean &apos;org.springframework.context.annotation.internalPersistenceAnnotationProcessor&apos;
22:05:35.525 [main] DEBUG o.s.b.f.s.DefaultListableBeanFactory - Creating shared instance of singleton bean &apos;org.springframework.context.annotation.ConfigurationClassPostProcessor.importAwareProcessor&apos;
22:05:35.525 [main] DEBUG o.s.b.f.s.DefaultListableBeanFactory - Creating instance of bean &apos;org.springframework.context.annotation.ConfigurationClassPostProcessor.importAwareProcessor&apos;
22:05:35.525 [main] DEBUG o.s.b.f.s.DefaultListableBeanFactory - Eagerly caching bean &apos;org.springframework.context.annotation.ConfigurationClassPostProcessor.importAwareProcessor&apos; to allow for resolving potential circular references
22:05:35.525 [main] DEBUG o.s.b.f.s.DefaultListableBeanFactory - Finished creating instance of bean &apos;org.springframework.context.annotation.ConfigurationClassPostProcessor.importAwareProcessor&apos;
22:05:35.525 [main] DEBUG o.s.b.f.s.DefaultListableBeanFactory - Creating shared instance of singleton bean &apos;org.springframework.context.annotation.ConfigurationClassPostProcessor.enhancedConfigurationProcessor&apos;
22:05:35.525 [main] DEBUG o.s.b.f.s.DefaultListableBeanFactory - Creating instance of bean &apos;org.springframework.context.annotation.ConfigurationClassPostProcessor.enhancedConfigurationProcessor&apos;
22:05:35.525 [main] DEBUG o.s.b.f.s.DefaultListableBeanFactory - Eagerly caching bean &apos;org.springframework.context.annotation.ConfigurationClassPostProcessor.enhancedConfigurationProcessor&apos; to allow for resolving potential circular references
22:05:35.525 [main] DEBUG o.s.b.f.s.DefaultListableBeanFactory - Finished creating instance of bean &apos;org.springframework.context.annotation.ConfigurationClassPostProcessor.enhancedConfigurationProcessor&apos;
22:05:35.526 [main] DEBUG o.s.b.f.s.DefaultListableBeanFactory - Creating shared instance of singleton bean &apos;org.springframework.aop.config.internalAutoProxyCreator&apos;
22:05:35.526 [main] DEBUG o.s.b.f.s.DefaultListableBeanFactory - Creating instance of bean &apos;org.springframework.aop.config.internalAutoProxyCreator&apos;
22:05:35.531 [main] DEBUG o.s.b.f.s.DefaultListableBeanFactory - Eagerly caching bean &apos;org.springframework.aop.config.internalAutoProxyCreator&apos; to allow for resolving potential circular references
22:05:35.539 [main] DEBUG o.s.b.f.s.DefaultListableBeanFactory - Finished creating instance of bean &apos;org.springframework.aop.config.internalAutoProxyCreator&apos;
22:05:35.540 [main] DEBUG o.s.c.s.GenericApplicationContext - Unable to locate MessageSource with name &apos;messageSource&apos;: using default [org.springframework.context.support.DelegatingMessageSource@2892dae4]
22:05:35.542 [main] DEBUG o.s.c.s.GenericApplicationContext - Unable to locate ApplicationEventMulticaster with name &apos;applicationEventMulticaster&apos;: using default [org.springframework.context.event.SimpleApplicationEventMulticaster@865dd6]
22:05:35.547 [main] DEBUG o.s.b.f.s.DefaultListableBeanFactory - Pre-instantiating singletons in org.springframework.beans.factory.support.DefaultListableBeanFactory@36902638: defining beans [billingService,callLogService,citronUserDetailsService,countryService,custermerService,customerLinePaymentDetailService,customerLineService,customerPaymentDetailService,facilityNumberPoolService,facilityService,inmateNoteService,inmateReferralService,inMateService,inmateStatusService,lineTypeService,paymentCardTypeService,prepaidPricingService,rateCenterService,stateService,userService,org.springframework.context.annotation.internalConfigurationAnnotationProcessor,org.springframework.context.annotation.internalAutowiredAnnotationProcessor,org.springframework.context.annotation.internalRequiredAnnotationProcessor,org.springframework.context.annotation.internalCommonAnnotationProcessor,org.springframework.context.annotation.internalPersistenceAnnotationProcessor,billingAddressDao,callLogDao,countryDao,customerDao,customerLineDao,customerLinePaymentDetailDao,customerPaymentDetailDao,facilityDao,facilityNumberPoolDao,inMateDao,inmateNoteDao,inmateReferralDao,inmateStatusDao,lineTypeDao,paymentCardTypeDao,prepaidPricingDao,rateCenterDao,stateDao,userDao,numberPeeringService,authorizeNetService,carService,RailwayStationService,trainService,sendEmail,org.springframework.context.support.PropertySourcesPlaceholderConfigurer#0,dataSource,sessionFactory,transactionManager,txAdvice,org.springframework.aop.config.internalAutoProxyCreator,userServicePointCut,org.springframework.aop.support.DefaultBeanFactoryPointcutAdvisor#0,org.springframework.context.annotation.ConfigurationClassPostProcessor.importAwareProcessor,org.springframework.context.annotation.ConfigurationClassPostProcessor.enhancedConfigurationProcessor]; root of factory hierarchy
22:05:35.547 [main] DEBUG o.s.b.f.s.DefaultListableBeanFactory - Creating shared instance of singleton bean &apos;billingService&apos;
22:05:35.547 [main] DEBUG o.s.b.f.s.DefaultListableBeanFactory - Creating instance of bean &apos;billingService&apos;
22:05:35.548 [main] DEBUG o.s.b.f.s.DefaultListableBeanFactory - Creating shared instance of singleton bean &apos;org.springframework.aop.support.DefaultBeanFactoryPointcutAdvisor#0&apos;
22:05:35.548 [main] DEBUG o.s.b.f.s.DefaultListableBeanFactory - Creating instance of bean &apos;org.springframework.aop.support.DefaultBeanFactoryPointcutAdvisor#0&apos;
22:05:35.549 [main] DEBUG o.s.b.f.s.DefaultListableBeanFactory - Eagerly caching bean &apos;org.springframework.aop.support.DefaultBeanFactoryPointcutAdvisor#0&apos; to allow for resolving potential circular references
22:05:35.564 [main] DEBUG o.s.b.f.s.DefaultListableBeanFactory - Creating instance of bean &apos;userServicePointCut&apos;
22:05:35.573 [main] DEBUG o.s.b.f.s.DefaultListableBeanFactory - Finished creating instance of bean &apos;userServicePointCut&apos;
22:05:35.574 [main] DEBUG o.s.b.f.s.DefaultListableBeanFactory - Finished creating instance of bean &apos;org.springframework.aop.support.DefaultBeanFactoryPointcutAdvisor#0&apos;
22:05:35.578 [main] DEBUG o.s.b.f.annotation.InjectionMetadata - Registered injected element on class [com.ylc.service.BillingService]: AutowiredFieldElement for com.ylc.dao.BillingAddressDao com.ylc.service.BillingService.billingAddressDao
22:05:35.579 [main] DEBUG o.s.b.f.s.DefaultListableBeanFactory - Eagerly caching bean &apos;billingService&apos; to allow for resolving potential circular references
22:05:35.580 [main] DEBUG o.s.b.f.annotation.InjectionMetadata - Processing injected method of bean &apos;billingService&apos;: AutowiredFieldElement for com.ylc.dao.BillingAddressDao com.ylc.service.BillingService.billingAddressDao
22:05:35.583 [main] DEBUG o.s.b.f.s.DefaultListableBeanFactory - Returning cached instance of singleton bean &apos;org.springframework.aop.support.DefaultBeanFactoryPointcutAdvisor#0&apos;
22:05:35.591 [main] DEBUG o.s.b.f.s.DefaultListableBeanFactory - Creating shared instance of singleton bean &apos;billingAddressDao&apos;
22:05:35.591 [main] DEBUG o.s.b.f.s.DefaultListableBeanFactory - Creating instance of bean &apos;billingAddressDao&apos;
22:05:35.591 [main] DEBUG o.s.b.f.s.DefaultListableBeanFactory - Returning cached instance of singleton bean &apos;org.springframework.aop.support.DefaultBeanFactoryPointcutAdvisor#0&apos;
22:05:35.593 [main] DEBUG o.s.b.f.annotation.InjectionMetadata - Registered injected element on class [com.ylc.dao.BillingAddressDao]: AutowiredFieldElement for org.hibernate.SessionFactory com.ylc.dao.BillingAddressDao.sessionFactory
22:05:35.593 [main] DEBUG o.s.b.f.s.DefaultListableBeanFactory - Eagerly caching bean &apos;billingAddressDao&apos; to allow for resolving potential circular references
22:05:35.594 [main] DEBUG o.s.b.f.annotation.InjectionMetadata - Processing injected method of bean &apos;billingAddressDao&apos;: AutowiredFieldElement for org.hibernate.SessionFactory com.ylc.dao.BillingAddressDao.sessionFactory
22:05:35.595 [main] DEBUG o.s.b.f.s.DefaultListableBeanFactory - Creating shared instance of singleton bean &apos;sessionFactory&apos;
22:05:35.595 [main] DEBUG o.s.b.f.s.DefaultListableBeanFactory - Creating instance of bean &apos;sessionFactory&apos;
22:05:35.597 [main] DEBUG o.s.b.f.s.DefaultListableBeanFactory - Eagerly caching bean &apos;sessionFactory&apos; to allow for resolving potential circular references
22:05:35.603 [main] DEBUG o.s.b.f.s.DefaultListableBeanFactory - Creating shared instance of singleton bean &apos;dataSource&apos;
22:05:35.603 [main] DEBUG o.s.b.f.s.DefaultListableBeanFactory - Creating instance of bean &apos;dataSource&apos;
22:05:35.603 [main] DEBUG o.s.b.f.s.DefaultListableBeanFactory - Returning cached instance of singleton bean &apos;org.springframework.aop.support.DefaultBeanFactoryPointcutAdvisor#0&apos;
22:05:35.609 [main] DEBUG o.s.b.f.s.DefaultListableBeanFactory - Eagerly caching bean &apos;dataSource&apos; to allow for resolving potential circular references
22:05:35.617 [main] DEBUG o.s.b.f.s.DefaultListableBeanFactory - Returning cached instance of singleton bean &apos;org.springframework.aop.support.DefaultBeanFactoryPointcutAdvisor#0&apos;
22:05:35.617 [main] DEBUG o.s.b.f.s.DefaultListableBeanFactory - Returning cached instance of singleton bean &apos;org.springframework.aop.support.DefaultBeanFactoryPointcutAdvisor#0&apos;
22:05:35.754 [main] DEBUG o.s.b.f.s.DefaultListableBeanFactory - Finished creating instance of bean &apos;dataSource&apos;
22:05:35.763 [main] DEBUG o.s.b.f.s.DefaultListableBeanFactory - Invoking afterPropertiesSet() on bean with name &apos;sessionFactory&apos;
22:05:35.786 [main] DEBUG org.jboss.logging - Logging Provider: org.jboss.logging.Slf4jLoggerProvider
22:05:35.800 [main] DEBUG org.hibernate.type.BasicTypeRegistry - Adding type registration boolean -&gt; org.hibernate.type.BooleanType@22f59fa
22:05:35.801 [main] DEBUG org.hibernate.type.BasicTypeRegistry - Adding type registration boolean -&gt; org.hibernate.type.BooleanType@22f59fa
22:05:35.801 [main] DEBUG org.hibernate.type.BasicTypeRegistry - Adding type registration java.lang.Boolean -&gt; org.hibernate.type.BooleanType@22f59fa
22:05:35.801 [main] DEBUG org.hibernate.type.BasicTypeRegistry - Adding type registration numeric_boolean -&gt; org.hibernate.type.NumericBooleanType@79defdc
22:05:35.802 [main] DEBUG org.hibernate.type.BasicTypeRegistry - Adding type registration true_false -&gt; org.hibernate.type.TrueFalseType@9cb8225
22:05:35.802 [main] DEBUG org.hibernate.type.BasicTypeRegistry - Adding type registration yes_no -&gt; org.hibernate.type.YesNoType@376a0d86
22:05:35.804 [main] DEBUG org.hibernate.type.BasicTypeRegistry - Adding type registration byte -&gt; org.hibernate.type.ByteType@6c7a164b
22:05:35.804 [main] DEBUG org.hibernate.type.BasicTypeRegistry - Adding type registration byte -&gt; org.hibernate.type.ByteType@6c7a164b
22:05:35.804 [main] DEBUG org.hibernate.type.BasicTypeRegistry - Adding type registration java.lang.Byte -&gt; org.hibernate.type.ByteType@6c7a164b
22:05:35.805 [main] DEBUG org.hibernate.type.BasicTypeRegistry - Adding type registration character -&gt; org.hibernate.type.CharacterType@638ef7ed
22:05:35.805 [main] DEBUG org.hibernate.type.BasicTypeRegistry - Adding type registration char -&gt; org.hibernate.type.CharacterType@638ef7ed
22:05:35.805 [main] DEBUG org.hibernate.type.BasicTypeRegistry - Adding type registration java.lang.Character -&gt; org.hibernate.type.CharacterType@638ef7ed
22:05:35.806 [main] DEBUG org.hibernate.type.BasicTypeRegistry - Adding type registration short -&gt; org.hibernate.type.ShortType@1f760b47
22:05:35.807 [main] DEBUG org.hibernate.type.BasicTypeRegistry - Adding type registration short -&gt; org.hibernate.type.ShortType@1f760b47
22:05:35.807 [main] DEBUG org.hibernate.type.BasicTypeRegistry - Adding type registration java.lang.Short -&gt; org.hibernate.type.ShortType@1f760b47
22:05:35.808 [main] DEBUG org.hibernate.type.BasicTypeRegistry - Adding type registration integer -&gt; org.hibernate.type.IntegerType@264f218
22:05:35.808 [main] DEBUG org.hibernate.type.BasicTypeRegistry - Adding type registration int -&gt; org.hibernate.type.IntegerType@264f218
22:05:35.808 [main] DEBUG org.hibernate.type.BasicTypeRegistry - Adding type registration java.lang.Integer -&gt; org.hibernate.type.IntegerType@264f218
22:05:35.809 [main] DEBUG org.hibernate.type.BasicTypeRegistry - Adding type registration long -&gt; org.hibernate.type.LongType@1169afe1
22:05:35.809 [main] DEBUG org.hibernate.type.BasicTypeRegistry - Adding type registration long -&gt; org.hibernate.type.LongType@1169afe1
22:05:35.809 [main] DEBUG org.hibernate.type.BasicTypeRegistry - Adding type registration java.lang.Long -&gt; org.hibernate.type.LongType@1169afe1
22:05:35.810 [main] DEBUG org.hibernate.type.BasicTypeRegistry - Adding type registration float -&gt; org.hibernate.type.FloatType@7de62196
22:05:35.810 [main] DEBUG org.hibernate.type.BasicTypeRegistry - Adding type registration float -&gt; org.hibernate.type.FloatType@7de62196
22:05:35.810 [main] DEBUG org.hibernate.type.BasicTypeRegistry - Adding type registration java.lang.Float -&gt; org.hibernate.type.FloatType@7de62196
22:05:35.811 [main] DEBUG org.hibernate.type.BasicTypeRegistry - Adding type registration double -&gt; org.hibernate.type.DoubleType@478db956
22:05:35.811 [main] DEBUG org.hibernate.type.BasicTypeRegistry - Adding type registration double -&gt; org.hibernate.type.DoubleType@478db956
22:05:35.811 [main] DEBUG org.hibernate.type.BasicTypeRegistry - Adding type registration java.lang.Double -&gt; org.hibernate.type.DoubleType@478db956
22:05:35.812 [main] DEBUG org.hibernate.type.BasicTypeRegistry - Adding type registration big_decimal -&gt; org.hibernate.type.BigDecimalType@77659b30
22:05:35.812 [main] DEBUG org.hibernate.type.BasicTypeRegistry - Adding type registration java.math.BigDecimal -&gt; org.hibernate.type.BigDecimalType@77659b30
22:05:35.813 [main] DEBUG org.hibernate.type.BasicTypeRegistry - Adding type registration big_integer -&gt; org.hibernate.type.BigIntegerType@6b0d80ed
22:05:35.813 [main] DEBUG org.hibernate.type.BasicTypeRegistry - Adding type registration java.math.BigInteger -&gt; org.hibernate.type.BigIntegerType@6b0d80ed
22:05:35.814 [main] DEBUG org.hibernate.type.BasicTypeRegistry - Adding type registration string -&gt; org.hibernate.type.StringType@15f47664
22:05:35.814 [main] DEBUG org.hibernate.type.BasicTypeRegistry - Adding type registration java.lang.String -&gt; org.hibernate.type.StringType@15f47664
22:05:35.814 [main] DEBUG org.hibernate.type.BasicTypeRegistry - Adding type registration nstring -&gt; org.hibernate.type.StringNVarcharType@a1f72f5
22:05:35.815 [main] DEBUG org.hibernate.type.BasicTypeRegistry - Adding type registration ncharacter -&gt; org.hibernate.type.CharacterNCharType@2dc9b0f5
22:05:35.815 [main] DEBUG org.hibernate.type.BasicTypeRegistry - Adding type registration url -&gt; org.hibernate.type.UrlType@56dc1551
22:05:35.815 [main] DEBUG org.hibernate.type.BasicTypeRegistry - Adding type registration java.net.URL -&gt; org.hibernate.type.UrlType@56dc1551
22:05:35.817 [main] DEBUG org.hibernate.type.BasicTypeRegistry - Adding type registration date -&gt; org.hibernate.type.DateType@791d1f8b
22:05:35.817 [main] DEBUG org.hibernate.type.BasicTypeRegistry - Adding type registration java.sql.Date -&gt; org.hibernate.type.DateType@791d1f8b
22:05:35.818 [main] DEBUG org.hibernate.type.BasicTypeRegistry - Adding type registration time -&gt; org.hibernate.type.TimeType@7ba8c737
22:05:35.818 [main] DEBUG org.hibernate.type.BasicTypeRegistry - Adding type registration java.sql.Time -&gt; org.hibernate.type.TimeType@7ba8c737
22:05:35.820 [main] DEBUG org.hibernate.type.BasicTypeRegistry - Adding type registration timestamp -&gt; org.hibernate.type.TimestampType@3336e6b6
22:05:35.820 [main] DEBUG org.hibernate.type.BasicTypeRegistry - Adding type registration java.sql.Timestamp -&gt; org.hibernate.type.TimestampType@3336e6b6
22:05:35.820 [main] DEBUG org.hibernate.type.BasicTypeRegistry - Adding type registration java.util.Date -&gt; org.hibernate.type.TimestampType@3336e6b6
22:05:35.821 [main] DEBUG org.hibernate.type.BasicTypeRegistry - Adding type registration dbtimestamp -&gt; org.hibernate.type.DbTimestampType@6950ed69
22:05:35.822 [main] DEBUG org.hibernate.type.BasicTypeRegistry - Adding type registration calendar -&gt; org.hibernate.type.CalendarType@189cbd7c
22:05:35.823 [main] DEBUG org.hibernate.type.BasicTypeRegistry - Adding type registration java.util.Calendar -&gt; org.hibernate.type.CalendarType@189cbd7c
22:05:35.823 [main] DEBUG org.hibernate.type.BasicTypeRegistry - Adding type registration java.util.GregorianCalendar -&gt; org.hibernate.type.CalendarType@189cbd7c
22:05:35.823 [main] DEBUG org.hibernate.type.BasicTypeRegistry - Adding type registration calendar_date -&gt; org.hibernate.type.CalendarDateType@39b43d60
22:05:35.824 [main] DEBUG org.hibernate.type.BasicTypeRegistry - Adding type registration locale -&gt; org.hibernate.type.LocaleType@5e21e98f
22:05:35.824 [main] DEBUG org.hibernate.type.BasicTypeRegistry - Adding type registration java.util.Locale -&gt; org.hibernate.type.LocaleType@5e21e98f
22:05:35.825 [main] DEBUG org.hibernate.type.BasicTypeRegistry - Adding type registration currency -&gt; org.hibernate.type.CurrencyType@3fce8fd9
[...]
	at org.junit.runners.ParentRunner$1.schedule(ParentRunner.java:52)
	at org.junit.runners.ParentRunner.runChildren(ParentRunner.java:191)
	at org.junit.runners.ParentRunner.access$000(ParentRunner.java:42)
	at org.junit.runners.ParentRunner$2.evaluate(ParentRunner.java:184)
	at org.springframework.test.context.junit4.statements.RunBeforeTestClassCallbacks.evaluate(RunBeforeTestClassCallbacks.java:61)
	at org.springframework.test.context.junit4.statements.RunAfterTestClassCallbacks.evaluate(RunAfterTestClassCallbacks.java:71)
	at org.junit.runners.ParentRunner.run(ParentRunner.java:236)
	at org.springframework.test.context.junit4.SpringJUnit4ClassRunner.run(SpringJUnit4ClassRunner.java:176)
	at org.apache.maven.surefire.junit4.JUnit4Provider.execute(JUnit4Provider.java:252)
	at org.apache.maven.surefire.junit4.JUnit4Provider.executeTestSet(JUnit4Provider.java:141)
	at org.apache.maven.surefire.junit4.JUnit4Provider.invoke(JUnit4Provider.java:112)
	at sun.reflect.NativeMethodAccessorImpl.invoke0(Native Method)
	at sun.reflect.NativeMethodAccessorImpl.invoke(NativeMethodAccessorImpl.java:62)
	at sun.reflect.DelegatingMethodAccessorImpl.invoke(DelegatingMethodAccessorImpl.java:43)
	at java.lang.reflect.Method.invoke(Method.java:498)
	at org.apache.maven.surefire.util.ReflectionUtils.invokeMethodWithArray(ReflectionUtils.java:189)
	at org.apache.maven.surefire.booter.ProviderFactory$ProviderProxy.invoke(ProviderFactory.java:165)
	at org.apache.maven.surefire.booter.ProviderFactory.invokeProvider(ProviderFactory.java:85)
	at org.apache.maven.surefire.booter.ForkedBooter.runSuitesInProcess(ForkedBooter.java:115)
	at org.apache.maven.surefire.booter.ForkedBooter.main(ForkedBooter.java:75)
Caused by: org.hibernate.exception.GenericJDBCException: Could not open connection
	at org.hibernate.exception.internal.StandardSQLExceptionConverter.convert(StandardSQLExceptionConverter.java:54)
	at org.hibernate.engine.jdbc.spi.SqlExceptionHelper.convert(SqlExceptionHelper.java:124)
	at org.hibernate.engine.jdbc.spi.SqlExceptionHelper.convert(SqlExceptionHelper.java:109)
	at org.hibernate.engine.jdbc.internal.LogicalConnectionImpl.obtainConnection(LogicalConnectionImpl.java:221)
	at org.hibernate.engine.jdbc.internal.LogicalConnectionImpl.getConnection(LogicalConnectionImpl.java:157)
	at org.hibernate.internal.SessionImpl.connection(SessionImpl.java:427)
	at org.springframework.orm.hibernate4.HibernateTransactionManager.doBegin(HibernateTransactionManager.java:429)
	... 44 more
Caused by: org.apache.commons.dbcp.SQLNestedException: Cannot create PoolableConnectionFactory (Unknown database &apos;ylc_9&apos;)
	at org.apache.commons.dbcp.BasicDataSource.createPoolableConnectionFactory(BasicDataSource.java:1549)
	at org.apache.commons.dbcp.BasicDataSource.createDataSource(BasicDataSource.java:1388)
	at org.apache.commons.dbcp.BasicDataSource.getConnection(BasicDataSource.java:1044)
	at org.hibernate.service.jdbc.connections.internal.DatasourceConnectionProviderImpl.getConnection(DatasourceConnectionProviderImpl.java:141)
	at org.hibernate.internal.AbstractSessionImpl$NonContextualJdbcConnectionAccess.obtainConnection(AbstractSessionImpl.java:301)
	at org.hibernate.engine.jdbc.internal.LogicalConnectionImpl.obtainConnection(LogicalConnectionImpl.java:214)
	... 47 more
Caused by: com.mysql.jdbc.exceptions.jdbc4.MySQLSyntaxErrorException: Unknown database &apos;ylc_9&apos;
	at sun.reflect.NativeConstructorAccessorImpl.newInstance0(Native Method)
	at sun.reflect.NativeConstructorAccessorImpl.newInstance(NativeConstructorAccessorImpl.java:62)
	at sun.reflect.DelegatingConstructorAccessorImpl.newInstance(DelegatingConstructorAccessorImpl.java:45)
	at java.lang.reflect.Constructor.newInstance(Constructor.java:423)
	at com.mysql.jdbc.Util.handleNewInstance(Util.java:406)
	at com.mysql.jdbc.Util.getInstance(Util.java:381)
	at com.mysql.jdbc.SQLError.createSQLException(SQLError.java:1030)
	at com.mysql.jdbc.SQLError.createSQLException(SQLError.java:956)
	at com.mysql.jdbc.MysqlIO.checkErrorPacket(MysqlIO.java:3491)
	at com.mysql.jdbc.MysqlIO.checkErrorPacket(MysqlIO.java:3423)
	at com.mysql.jdbc.MysqlIO.checkErrorPacket(MysqlIO.java:910)
	at com.mysql.jdbc.MysqlIO.secureAuth411(MysqlIO.java:3923)
	at com.mysql.jdbc.MysqlIO.doHandshake(MysqlIO.java:1273)
	at com.mysql.jdbc.ConnectionImpl.createNewIO(ConnectionImpl.java:2031)
	at com.mysql.jdbc.ConnectionImpl.&lt;init&gt;(ConnectionImpl.java:718)
	at com.mysql.jdbc.JDBC4Connection.&lt;init&gt;(JDBC4Connection.java:46)
	at sun.reflect.NativeConstructorAccessorImpl.newInstance0(Native Method)
	at sun.reflect.NativeConstructorAccessorImpl.newInstance(NativeConstructorAccessorImpl.java:62)
	at sun.reflect.DelegatingConstructorAccessorImpl.newInstance(DelegatingConstructorAccessorImpl.java:45)
	at java.lang.reflect.Constructor.newInstance(Constructor.java:423)
	at com.mysql.jdbc.Util.handleNewInstance(Util.java:406)
	at com.mysql.jdbc.ConnectionImpl.getInstance(ConnectionImpl.java:302)
	at com.mysql.jdbc.NonRegisteringDriver.connect(NonRegisteringDriver.java:282)
	at org.apache.commons.dbcp.DriverConnectionFactory.createConnection(DriverConnectionFactory.java:38)
	at org.apache.commons.dbcp.PoolableConnectionFactory.makeObject(PoolableConnectionFactory.java:582)
	at org.apache.commons.dbcp.BasicDataSource.validateConnectionFactory(BasicDataSource.java:1556)
	at org.apache.commons.dbcp.BasicDataSource.createPoolableConnectionFactory(BasicDataSource.java:1545)
	... 52 more
</error>
    <system-out>22:05:37.460 [main] DEBUG o.s.t.annotation.ProfileValueUtils - Retrieved @ProfileValueSourceConfiguration [null] for test class [com.ylc.test.TestState]
22:05:37.460 [main] DEBUG o.s.t.annotation.ProfileValueUtils - Retrieved ProfileValueSource type [class org.springframework.test.annotation.SystemProfileValueSource] for class [com.ylc.test.TestState]
22:05:37.461 [main] DEBUG o.s.t.c.s.DependencyInjectionTestExecutionListener - Performing dependency injection for test context [[DefaultTestContext@25af5db5 testClass = TestState, testInstance = com.ylc.test.TestState@2f6bbeb0, testMethod = [null], testException = [null], mergedContextConfiguration = [MergedContextConfiguration@5bcea91b testClass = TestState, locations = &apos;{file:src/main/webapp/WEB-INF/spring-service.xml, file:src/main/webapp/WEB-INF/spring-database.xml}&apos;, classes = &apos;{}&apos;, contextInitializerClasses = &apos;[]&apos;, activeProfiles = &apos;{}&apos;, contextLoader = &apos;org.springframework.test.context.support.DelegatingSmartContextLoader&apos;, parent = [null]]]].
22:05:37.461 [main] DEBUG o.s.t.c.CacheAwareContextLoaderDelegate - Retrieved ApplicationContext from cache with key [[MergedContextConfiguration@5bcea91b testClass = TestState, locations = &apos;{file:src/main/webapp/WEB-INF/spring-service.xml, file:src/main/webapp/WEB-INF/spring-database.xml}&apos;, classes = &apos;{}&apos;, contextInitializerClasses = &apos;[]&apos;, activeProfiles = &apos;{}&apos;, contextLoader = &apos;org.springframework.test.context.support.DelegatingSmartContextLoader&apos;, parent = [null]]].
22:05:37.461 [main] DEBUG o.s.b.f.annotation.InjectionMetadata - Processing injected method of bean &apos;com.ylc.test.TestState&apos;: AutowiredFieldElement for private com.ylc.service.StateService com.ylc.test.TestState.stateService
22:05:37.461 [main] DEBUG o.s.b.f.s.DefaultListableBeanFactory - Returning cached instance of singleton bean &apos;stateService&apos;
22:05:37.461 [main] DEBUG o.s.o.h.HibernateTransactionManager - Creating new transaction with name [com.ylc.service.StateService.getStates]: PROPAGATION_REQUIRED,ISOLATION_DEFAULT,readOnly
22:05:37.461 [main] DEBUG o.s.o.h.HibernateTransactionManager - Opened new Session [SessionImpl(PersistenceContext[entityKeys=[],collectionKeys=[]];ActionQueue[insertions=[] updates=[] deletions=[] orphanRemovals=[] collectionCreations=[] collectionRemovals=[] collectionUpdates=[] collectionQueuedOps=[] unresolvedInsertDependencies=UnresolvedEntityInsertActions[]])] for Hibernate transaction
22:05:37.462 [main] DEBUG o.s.o.h.HibernateTransactionManager - Preparing JDBC Connection of Hibernate Session [SessionImpl(PersistenceContext[entityKeys=[],collectionKeys=[]];ActionQueue[insertions=[] updates=[] deletions=[] orphanRemovals=[] collectionCreations=[] collectionRemovals=[] collectionUpdates=[] collectionQueuedOps=[] unresolvedInsertDependencies=UnresolvedEntityInsertActions[]])]
22:05:37.462 [main] DEBUG o.h.e.j.i.LogicalConnectionImpl - Obtaining JDBC connection
22:05:37.467 [main] DEBUG o.h.e.jdbc.spi.SqlExceptionHelper - Could not open connection [n/a]
org.apache.commons.dbcp.SQLNestedException: Cannot create PoolableConnectionFactory (Unknown database &apos;ylc_9&apos;)
	at org.apache.commons.dbcp.BasicDataSource.createPoolableConnectionFactory(BasicDataSource.java:1549) ~[commons-dbcp-1.4.jar:1.4]
	at org.apache.commons.dbcp.BasicDataSource.createDataSource(BasicDataSource.java:1388) ~[commons-dbcp-1.4.jar:1.4]
	at org.apache.commons.dbcp.BasicDataSource.getConnection(BasicDataSource.java:1044) ~[commons-dbcp-1.4.jar:1.4]
	at org.hibernate.service.jdbc.connections.internal.DatasourceConnectionProviderImpl.getConnection(DatasourceConnectionProviderImpl.java:141) ~[hibernate-core-4.2.11.Final.jar:4.2.11.Final]
	at org.hibernate.internal.AbstractSessionImpl$NonContextualJdbcConnectionAccess.obtainConnection(AbstractSessionImpl.java:301) ~[hibernate-core-4.2.11.Final.jar:4.2.11.Final]
	at org.hibernate.engine.jdbc.internal.LogicalConnectionImpl.obtainConnection(LogicalConnectionImpl.java:214) ~[hibernate-core-4.2.11.Final.jar:4.2.11.Final]
	at org.hibernate.engine.jdbc.internal.LogicalConnectionImpl.getConnection(LogicalConnectionImpl.java:157) ~[hibernate-core-4.2.11.Final.jar:4.2.11.Final]
	at org.hibernate.internal.SessionImpl.connection(SessionImpl.java:427) ~[hibernate-core-4.2.11.Final.jar:4.2.11.Final]
	at org.springframework.orm.hibernate4.HibernateTransactionManager.doBegin(HibernateTransactionManager.java:429) ~[spring-orm-4.0.5.RELEASE.jar:4.0.5.RELEASE]
	at org.springframework.transaction.support.AbstractPlatformTransactionManager.getTransaction(AbstractPlatformTransactionManager.java:373) [spring-tx-4.0.5.RELEASE.jar:4.0.5.RELEASE]
	at org.springframework.transaction.interceptor.TransactionAspectSupport.createTransactionIfNecessary(TransactionAspectSupport.java:420) [spring-tx-4.0.5.RELEASE.jar:4.0.5.RELEASE]
	at org.springframework.transaction.interceptor.TransactionAspectSupport.invokeWithinTransaction(TransactionAspectSupport.java:257) [spring-tx-4.0.5.RELEASE.jar:4.0.5.RELEASE]
	at org.springframework.transaction.interceptor.TransactionInterceptor.invoke(TransactionInterceptor.java:95) [spring-tx-4.0.5.RELEASE.jar:4.0.5.RELEASE]
	at org.springframework.aop.framework.ReflectiveMethodInvocation.proceed(ReflectiveMethodInvocation.java:179) [spring-aop-4.0.5.RELEASE.jar:4.0.5.RELEASE]
	at org.springframework.aop.interceptor.ExposeInvocationInterceptor.invoke(ExposeInvocationInterceptor.java:92) [spring-aop-4.0.5.RELEASE.jar:4.0.5.RELEASE]
	at org.springframework.aop.framework.ReflectiveMethodInvocation.proceed(ReflectiveMethodInvocation.java:179) [spring-aop-4.0.5.RELEASE.jar:4.0.5.RELEASE]
	at org.springframework.aop.framework.CglibAopProxy$DynamicAdvisedInterceptor.intercept(CglibAopProxy.java:644) [spring-aop-4.0.5.RELEASE.jar:4.0.5.RELEASE]
	at com.ylc.service.StateService$$EnhancerBySpringCGLIB$$b4d9d1bc.getStates(&lt;generated&gt;) [spring-core-4.0.5.RELEASE.jar:na]
	at com.ylc.test.TestState.printStates(TestState.java:57) [test-classes/:na]
	at sun.reflect.NativeMethodAccessorImpl.invoke0(Native Method) ~[na:1.8.0_111]
	at sun.reflect.NativeMethodAccessorImpl.invoke(NativeMethodAccessorImpl.java:62) ~[na:1.8.0_111]
	at sun.reflect.DelegatingMethodAccessorImpl.invoke(DelegatingMethodAccessorImpl.java:43) ~[na:1.8.0_111]
	at java.lang.reflect.Method.invoke(Method.java:498) ~[na:1.8.0_111]
	at org.junit.runners.model.FrameworkMethod$1.runReflectiveCall(FrameworkMethod.java:44) [junit-4.8.1.jar:na]
	at org.junit.internal.runners.model.ReflectiveCallable.run(ReflectiveCallable.java:15) [junit-4.8.1.jar:na]
	at org.junit.runners.model.FrameworkMethod.invokeExplosively(FrameworkMethod.java:41) [junit-4.8.1.jar:na]
	at org.junit.internal.runners.statements.InvokeMethod.evaluate(InvokeMethod.java:20) [junit-4.8.1.jar:na]
	at org.springframework.test.context.junit4.statements.RunBeforeTestMethodCallbacks.evaluate(RunBeforeTestMethodCallbacks.java:74) [spring-test-4.0.5.RELEASE.jar:4.0.5.RELEASE]
	at org.springframework.test.context.junit4.statements.RunAfterTestMethodCallbacks.evaluate(RunAfterTestMethodCallbacks.java:83) [spring-test-4.0.5.RELEASE.jar:4.0.5.RELEASE]
	at org.springframework.test.context.junit4.statements.SpringRepeat.evaluate(SpringRepeat.java:72) [spring-test-4.0.5.RELEASE.jar:4.0.5.RELEASE]
	at org.springframework.test.context.junit4.SpringJUnit4ClassRunner.runChild(SpringJUnit4ClassRunner.java:233) [spring-test-4.0.5.RELEASE.jar:4.0.5.RELEASE]
	at org.springframework.test.context.junit4.SpringJUnit4ClassRunner.runChild(SpringJUnit4ClassRunner.java:87) [spring-test-4.0.5.RELEASE.jar:4.0.5.RELEASE]
	at org.junit.runners.ParentRunner$3.run(ParentRunner.java:193) [junit-4.8.1.jar:na]
	at org.junit.runners.ParentRunner$1.schedule(ParentRunner.java:52) [junit-4.8.1.jar:na]
	at org.junit.runners.ParentRunner.runChildren(ParentRunner.java:191) [junit-4.8.1.jar:na]
	at org.junit.runners.ParentRunner.access$000(ParentRunner.java:42) [junit-4.8.1.jar:na]
	at org.junit.runners.ParentRunner$2.evaluate(ParentRunner.java:184) [junit-4.8.1.jar:na]
	at org.springframework.test.context.junit4.statements.RunBeforeTestClassCallbacks.evaluate(RunBeforeTestClassCallbacks.java:61) [spring-test-4.0.5.RELEASE.jar:4.0.5.RELEASE]
	at org.springframework.test.context.junit4.statements.RunAfterTestClassCallbacks.evaluate(RunAfterTestClassCallbacks.java:71) [spring-test-4.0.5.RELEASE.jar:4.0.5.RELEASE]
	at org.junit.runners.ParentRunner.run(ParentRunner.java:236) [junit-4.8.1.jar:na]
	at org.springframework.test.context.junit4.SpringJUnit4ClassRunner.run(SpringJUnit4ClassRunner.java:176) [spring-test-4.0.5.RELEASE.jar:4.0.5.RELEASE]
	at org.apache.maven.surefire.junit4.JUnit4Provider.execute(JUnit4Provider.java:252) [surefire-junit4-2.12.4.jar:2.12.4]
	at org.apache.maven.surefire.junit4.JUnit4Provider.executeTestSet(JUnit4Provider.java:141) [surefire-junit4-2.12.4.jar:2.12.4]
	at org.apache.maven.surefire.junit4.JUnit4Provider.invoke(JUnit4Provider.java:112) [surefire-junit4-2.12.4.jar:2.12.4]
	at sun.reflect.NativeMethodAccessorImpl.invoke0(Native Method) ~[na:1.8.0_111]
	at sun.reflect.NativeMethodAccessorImpl.invoke(NativeMethodAccessorImpl.java:62) ~[na:1.8.0_111]
	at sun.reflect.DelegatingMethodAccessorImpl.invoke(DelegatingMethodAccessorImpl.java:43) ~[na:1.8.0_111]
	at java.lang.reflect.Method.invoke(Method.java:498) ~[na:1.8.0_111]
	at org.apache.maven.surefire.util.ReflectionUtils.invokeMethodWithArray(ReflectionUtils.java:189) [surefire-api-2.12.4.jar:2.12.4]
	at org.apache.maven.surefire.booter.ProviderFactory$ProviderProxy.invoke(ProviderFactory.java:165) [surefire-booter-2.12.4.jar:2.12.4]
	at org.apache.maven.surefire.booter.ProviderFactory.invokeProvider(ProviderFactory.java:85) [surefire-booter-2.12.4.jar:2.12.4]
	at org.apache.maven.surefire.booter.ForkedBooter.runSuitesInProcess(ForkedBooter.java:115) [surefire-booter-2.12.4.jar:2.12.4]
	at org.apache.maven.surefire.booter.ForkedBooter.main(ForkedBooter.java:75) [surefire-booter-2.12.4.jar:2.12.4]
Caused by: com.mysql.jdbc.exceptions.jdbc4.MySQLSyntaxErrorException: Unknown database &apos;ylc_9&apos;
	at sun.reflect.NativeConstructorAccessorImpl.newInstance0(Native Method) ~[na:1.8.0_111]
	at sun.reflect.NativeConstructorAccessorImpl.newInstance(NativeConstructorAccessorImpl.java:62) ~[na:1.8.0_111]
	at sun.reflect.DelegatingConstructorAccessorImpl.newInstance(DelegatingConstructorAccessorImpl.java:45) ~[na:1.8.0_111]
	at java.lang.reflect.Constructor.newInstance(Constructor.java:423) ~[na:1.8.0_111]
	at com.mysql.jdbc.Util.handleNewInstance(Util.java:406) ~[mysql-connector-java-5.1.6.jar:na]
	at com.mysql.jdbc.Util.getInstance(Util.java:381) ~[mysql-connector-java-5.1.6.jar:na]
	at com.mysql.jdbc.SQLError.createSQLException(SQLError.java:1030) ~[mysql-connector-java-5.1.6.jar:na]
	at com.mysql.jdbc.SQLError.createSQLException(SQLError.java:956) ~[mysql-connector-java-5.1.6.jar:na]
	at com.mysql.jdbc.MysqlIO.checkErrorPacket(MysqlIO.java:3491) ~[mysql-connector-java-5.1.6.jar:na]
	at com.mysql.jdbc.MysqlIO.checkErrorPacket(MysqlIO.java:3423) ~[mysql-connector-java-5.1.6.jar:na]
	at com.mysql.jdbc.MysqlIO.checkErrorPacket(MysqlIO.java:910) ~[mysql-connector-java-5.1.6.jar:na]
	at com.mysql.jdbc.MysqlIO.secureAuth411(MysqlIO.java:3923) ~[mysql-connector-java-5.1.6.jar:na]
	at com.mysql.jdbc.MysqlIO.doHandshake(MysqlIO.java:1273) ~[mysql-connector-java-5.1.6.jar:na]
	at com.mysql.jdbc.ConnectionImpl.createNewIO(ConnectionImpl.java:2031) ~[mysql-connector-java-5.1.6.jar:na]
	at com.mysql.jdbc.ConnectionImpl.&lt;init&gt;(ConnectionImpl.java:718) ~[mysql-connector-java-5.1.6.jar:na]
	at com.mysql.jdbc.JDBC4Connection.&lt;init&gt;(JDBC4Connection.java:46) ~[mysql-connector-java-5.1.6.jar:na]
	at sun.reflect.NativeConstructorAccessorImpl.newInstance0(Native Method) ~[na:1.8.0_111]
	at sun.reflect.NativeConstructorAccessorImpl.newInstance(NativeConstructorAccessorImpl.java:62) ~[na:1.8.0_111]
	at sun.reflect.DelegatingConstructorAccessorImpl.newInstance(DelegatingConstructorAccessorImpl.java:45) ~[na:1.8.0_111]
	at java.lang.reflect.Constructor.newInstance(Constructor.java:423) ~[na:1.8.0_111]
	at com.mysql.jdbc.Util.handleNewInstance(Util.java:406) ~[mysql-connector-java-5.1.6.jar:na]
	at com.mysql.jdbc.ConnectionImpl.getInstance(ConnectionImpl.java:302) ~[mysql-connector-java-5.1.6.jar:na]
	at com.mysql.jdbc.NonRegisteringDriver.connect(NonRegisteringDriver.java:282) ~[mysql-connector-java-5.1.6.jar:na]
	at org.apache.commons.dbcp.DriverConnectionFactory.createConnection(DriverConnectionFactory.java:38) ~[commons-dbcp-1.4.jar:1.4]
	at org.apache.commons.dbcp.PoolableConnectionFactory.makeObject(PoolableConnectionFactory.java:582) ~[commons-dbcp-1.4.jar:1.4]
	at org.apache.commons.dbcp.BasicDataSource.validateConnectionFactory(BasicDataSource.java:1556) ~[commons-dbcp-1.4.jar:1.4]
	at org.apache.commons.dbcp.BasicDataSource.createPoolableConnectionFactory(BasicDataSource.java:1545) ~[commons-dbcp-1.4.jar:1.4]
	... 52 common frames omitted
22:05:37.469 [main] WARN  o.h.e.jdbc.spi.SqlExceptionHelper - SQL Error: 0, SQLState: null
22:05:37.469 [main] ERROR o.h.e.jdbc.spi.SqlExceptionHelper - Cannot create PoolableConnectionFactory (Unknown database &apos;ylc_9&apos;)
22:05:37.469 [main] DEBUG o.s.t.c.s.DirtiesContextTestExecutionListener - After test method: context [DefaultTestContext@25af5db5 testClass = TestState, testInstance = com.ylc.test.TestState@2f6bbeb0, testMethod = printStates@TestState, testException = org.springframework.transaction.CannotCreateTransactionException: Could not open Hibernate Session for transaction; nested exception is org.hibernate.exception.GenericJDBCException: Could not open connection, mergedContextConfiguration = [MergedContextConfiguration@5bcea91b testClass = TestState, locations = &apos;{file:src/main/webapp/WEB-INF/spring-service.xml, file:src/main/webapp/WEB-INF/spring-database.xml}&apos;, classes = &apos;{}&apos;, contextInitializerClasses = &apos;[]&apos;, activeProfiles = &apos;{}&apos;, contextLoader = &apos;org.springframework.test.context.support.DelegatingSmartContextLoader&apos;, parent = [null]]], class dirties context [false], class mode [null], method dirties context [false].
</system-out>
  </testcase>
  <testcase classname="com.ylc.test.TestState" name="testBase" time="0.007">
    <skipped message="Only one time insert"/>
  </testcase>
</testsuite>